<?xml version="1.0" encoding="UTF-8"?>
<testsuite name="beesweeper.model.BeeSweeperRectangularShapeBasicTest" tests="5" skipped="0" failures="3" errors="0" timestamp="2024-05-01T18:21:19" hostname="AYOUBPAV" time="0.043">
  <properties/>
  <testcase name="testGameDimensions()" classname="beesweeper.model.BeeSweeperRectangularShapeBasicTest" time="0.02"/>
  <testcase name="testWinGameWithRevealing_allButFirstBee()" classname="beesweeper.model.BeeSweeperRectangularShapeBasicTest" time="0.004">
    <failure message="java.lang.IndexOutOfBoundsException: Index 0 out of bounds for length 0" type="java.lang.IndexOutOfBoundsException">java.lang.IndexOutOfBoundsException: Index 0 out of bounds for length 0
	at java.base/jdk.internal.util.Preconditions.outOfBounds(Preconditions.java:100)
	at java.base/jdk.internal.util.Preconditions.outOfBoundsCheckIndex(Preconditions.java:106)
	at java.base/jdk.internal.util.Preconditions.checkIndex(Preconditions.java:302)
	at java.base/java.util.Objects.checkIndex(Objects.java:385)
	at java.base/java.util.ArrayList.remove(ArrayList.java:551)
	at beesweeper.model.BeeSweeperRectangularShapeBasicTest.testWinGameWithRevealing_allButFirstBee(BeeSweeperRectangularShapeBasicTest.java:82)
	at java.base/jdk.internal.reflect.DirectMethodHandleAccessor.invoke(DirectMethodHandleAccessor.java:103)
	at java.base/java.lang.reflect.Method.invoke(Method.java:580)
	at org.junit.platform.commons.util.ReflectionUtils.invokeMethod(ReflectionUtils.java:727)
	at org.junit.jupiter.engine.execution.MethodInvocation.proceed(MethodInvocation.java:60)
	at org.junit.jupiter.engine.execution.InvocationInterceptorChain$ValidatingInvocation.proceed(InvocationInterceptorChain.java:131)
	at org.junit.jupiter.engine.extension.TimeoutExtension.intercept(TimeoutExtension.java:156)
	at org.junit.jupiter.engine.extension.TimeoutExtension.interceptTestableMethod(TimeoutExtension.java:147)
	at org.junit.jupiter.engine.extension.TimeoutExtension.interceptTestMethod(TimeoutExtension.java:86)
	at org.junit.jupiter.engine.execution.InterceptingExecutableInvoker$ReflectiveInterceptorCall.lambda$ofVoidMethod$0(InterceptingExecutableInvoker.java:103)
	at org.junit.jupiter.engine.execution.InterceptingExecutableInvoker.lambda$invoke$0(InterceptingExecutableInvoker.java:93)
	at org.junit.jupiter.engine.execution.InvocationInterceptorChain$InterceptedInvocation.proceed(InvocationInterceptorChain.java:106)
	at org.junit.jupiter.engine.execution.InvocationInterceptorChain.proceed(InvocationInterceptorChain.java:64)
	at org.junit.jupiter.engine.execution.InvocationInterceptorChain.chainAndInvoke(InvocationInterceptorChain.java:45)
	at org.junit.jupiter.engine.execution.InvocationInterceptorChain.invoke(InvocationInterceptorChain.java:37)
	at org.junit.jupiter.engine.execution.InterceptingExecutableInvoker.invoke(InterceptingExecutableInvoker.java:92)
	at org.junit.jupiter.engine.execution.InterceptingExecutableInvoker.invoke(InterceptingExecutableInvoker.java:86)
	at org.junit.jupiter.engine.descriptor.TestMethodTestDescriptor.lambda$invokeTestMethod$7(TestMethodTestDescriptor.java:217)
	at org.junit.platform.engine.support.hierarchical.ThrowableCollector.execute(ThrowableCollector.java:73)
	at org.junit.jupiter.engine.descriptor.TestMethodTestDescriptor.invokeTestMethod(TestMethodTestDescriptor.java:213)
	at org.junit.jupiter.engine.descriptor.TestMethodTestDescriptor.execute(TestMethodTestDescriptor.java:138)
	at org.junit.jupiter.engine.descriptor.TestMethodTestDescriptor.execute(TestMethodTestDescriptor.java:68)
	at org.junit.platform.engine.support.hierarchical.NodeTestTask.lambda$executeRecursively$6(NodeTestTask.java:151)
	at org.junit.platform.engine.support.hierarchical.ThrowableCollector.execute(ThrowableCollector.java:73)
	at org.junit.platform.engine.support.hierarchical.NodeTestTask.lambda$executeRecursively$8(NodeTestTask.java:141)
	at org.junit.platform.engine.support.hierarchical.Node.around(Node.java:137)
	at org.junit.platform.engine.support.hierarchical.NodeTestTask.lambda$executeRecursively$9(NodeTestTask.java:139)
	at org.junit.platform.engine.support.hierarchical.ThrowableCollector.execute(ThrowableCollector.java:73)
	at org.junit.platform.engine.support.hierarchical.NodeTestTask.executeRecursively(NodeTestTask.java:138)
	at org.junit.platform.engine.support.hierarchical.NodeTestTask.execute(NodeTestTask.java:95)
	at java.base/java.util.ArrayList.forEach(ArrayList.java:1596)
	at org.junit.platform.engine.support.hierarchical.SameThreadHierarchicalTestExecutorService.invokeAll(SameThreadHierarchicalTestExecutorService.java:41)
	at org.junit.platform.engine.support.hierarchical.NodeTestTask.lambda$executeRecursively$6(NodeTestTask.java:155)
	at org.junit.platform.engine.support.hierarchical.ThrowableCollector.execute(ThrowableCollector.java:73)
	at org.junit.platform.engine.support.hierarchical.NodeTestTask.lambda$executeRecursively$8(NodeTestTask.java:141)
	at org.junit.platform.engine.support.hierarchical.Node.around(Node.java:137)
	at org.junit.platform.engine.support.hierarchical.NodeTestTask.lambda$executeRecursively$9(NodeTestTask.java:139)
	at org.junit.platform.engine.support.hierarchical.ThrowableCollector.execute(ThrowableCollector.java:73)
	at org.junit.platform.engine.support.hierarchical.NodeTestTask.executeRecursively(NodeTestTask.java:138)
	at org.junit.platform.engine.support.hierarchical.NodeTestTask.execute(NodeTestTask.java:95)
	at java.base/java.util.ArrayList.forEach(ArrayList.java:1596)
	at org.junit.platform.engine.support.hierarchical.SameThreadHierarchicalTestExecutorService.invokeAll(SameThreadHierarchicalTestExecutorService.java:41)
	at org.junit.platform.engine.support.hierarchical.NodeTestTask.lambda$executeRecursively$6(NodeTestTask.java:155)
	at org.junit.platform.engine.support.hierarchical.ThrowableCollector.execute(ThrowableCollector.java:73)
	at org.junit.platform.engine.support.hierarchical.NodeTestTask.lambda$executeRecursively$8(NodeTestTask.java:141)
	at org.junit.platform.engine.support.hierarchical.Node.around(Node.java:137)
	at org.junit.platform.engine.support.hierarchical.NodeTestTask.lambda$executeRecursively$9(NodeTestTask.java:139)
	at org.junit.platform.engine.support.hierarchical.ThrowableCollector.execute(ThrowableCollector.java:73)
	at org.junit.platform.engine.support.hierarchical.NodeTestTask.executeRecursively(NodeTestTask.java:138)
	at org.junit.platform.engine.support.hierarchical.NodeTestTask.execute(NodeTestTask.java:95)
	at org.junit.platform.engine.support.hierarchical.SameThreadHierarchicalTestExecutorService.submit(SameThreadHierarchicalTestExecutorService.java:35)
	at org.junit.platform.engine.support.hierarchical.HierarchicalTestExecutor.execute(HierarchicalTestExecutor.java:57)
	at org.junit.platform.engine.support.hierarchical.HierarchicalTestEngine.execute(HierarchicalTestEngine.java:54)
	at org.junit.platform.launcher.core.EngineExecutionOrchestrator.execute(EngineExecutionOrchestrator.java:107)
	at org.junit.platform.launcher.core.EngineExecutionOrchestrator.execute(EngineExecutionOrchestrator.java:88)
	at org.junit.platform.launcher.core.EngineExecutionOrchestrator.lambda$execute$0(EngineExecutionOrchestrator.java:54)
	at org.junit.platform.launcher.core.EngineExecutionOrchestrator.withInterceptedStreams(EngineExecutionOrchestrator.java:67)
	at org.junit.platform.launcher.core.EngineExecutionOrchestrator.execute(EngineExecutionOrchestrator.java:52)
	at org.junit.platform.launcher.core.DefaultLauncher.execute(DefaultLauncher.java:114)
	at org.junit.platform.launcher.core.DefaultLauncher.execute(DefaultLauncher.java:86)
	at org.junit.platform.launcher.core.DefaultLauncherSession$DelegatingLauncher.execute(DefaultLauncherSession.java:86)
	at org.gradle.api.internal.tasks.testing.junitplatform.JUnitPlatformTestClassProcessor$CollectAllTestClassesExecutor.processAllTestClasses(JUnitPlatformTestClassProcessor.java:119)
	at org.gradle.api.internal.tasks.testing.junitplatform.JUnitPlatformTestClassProcessor$CollectAllTestClassesExecutor.access$000(JUnitPlatformTestClassProcessor.java:94)
	at org.gradle.api.internal.tasks.testing.junitplatform.JUnitPlatformTestClassProcessor.stop(JUnitPlatformTestClassProcessor.java:89)
	at org.gradle.api.internal.tasks.testing.SuiteTestClassProcessor.stop(SuiteTestClassProcessor.java:62)
	at java.base/jdk.internal.reflect.DirectMethodHandleAccessor.invoke(DirectMethodHandleAccessor.java:103)
	at java.base/java.lang.reflect.Method.invoke(Method.java:580)
	at org.gradle.internal.dispatch.ReflectionDispatch.dispatch(ReflectionDispatch.java:36)
	at org.gradle.internal.dispatch.ReflectionDispatch.dispatch(ReflectionDispatch.java:24)
	at org.gradle.internal.dispatch.ContextClassLoaderDispatch.dispatch(ContextClassLoaderDispatch.java:33)
	at org.gradle.internal.dispatch.ProxyDispatchAdapter$DispatchingInvocationHandler.invoke(ProxyDispatchAdapter.java:94)
	at jdk.proxy1/jdk.proxy1.$Proxy2.stop(Unknown Source)
	at org.gradle.api.internal.tasks.testing.worker.TestWorker$3.run(TestWorker.java:193)
	at org.gradle.api.internal.tasks.testing.worker.TestWorker.executeAndMaintainThreadName(TestWorker.java:129)
	at org.gradle.api.internal.tasks.testing.worker.TestWorker.execute(TestWorker.java:100)
	at org.gradle.api.internal.tasks.testing.worker.TestWorker.execute(TestWorker.java:60)
	at org.gradle.process.internal.worker.child.ActionExecutionWorker.execute(ActionExecutionWorker.java:56)
	at org.gradle.process.internal.worker.child.SystemApplicationClassLoaderWorker.call(SystemApplicationClassLoaderWorker.java:113)
	at org.gradle.process.internal.worker.child.SystemApplicationClassLoaderWorker.call(SystemApplicationClassLoaderWorker.java:65)
	at worker.org.gradle.process.internal.worker.GradleWorkerMain.run(GradleWorkerMain.java:69)
	at worker.org.gradle.process.internal.worker.GradleWorkerMain.main(GradleWorkerMain.java:74)
</failure>
  </testcase>
  <testcase name="testWinGameWithRevealing_allButLastBee()" classname="beesweeper.model.BeeSweeperRectangularShapeBasicTest" time="0.002">
    <failure message="java.lang.IndexOutOfBoundsException: Index -1 out of bounds for length 0" type="java.lang.IndexOutOfBoundsException">java.lang.IndexOutOfBoundsException: Index -1 out of bounds for length 0
	at java.base/jdk.internal.util.Preconditions.outOfBounds(Preconditions.java:100)
	at java.base/jdk.internal.util.Preconditions.outOfBoundsCheckIndex(Preconditions.java:106)
	at java.base/jdk.internal.util.Preconditions.checkIndex(Preconditions.java:302)
	at java.base/java.util.Objects.checkIndex(Objects.java:385)
	at java.base/java.util.ArrayList.remove(ArrayList.java:551)
	at beesweeper.model.BeeSweeperRectangularShapeBasicTest.testWinGameWithRevealing_allButLastBee(BeeSweeperRectangularShapeBasicTest.java:108)
	at java.base/jdk.internal.reflect.DirectMethodHandleAccessor.invoke(DirectMethodHandleAccessor.java:103)
	at java.base/java.lang.reflect.Method.invoke(Method.java:580)
	at org.junit.platform.commons.util.ReflectionUtils.invokeMethod(ReflectionUtils.java:727)
	at org.junit.jupiter.engine.execution.MethodInvocation.proceed(MethodInvocation.java:60)
	at org.junit.jupiter.engine.execution.InvocationInterceptorChain$ValidatingInvocation.proceed(InvocationInterceptorChain.java:131)
	at org.junit.jupiter.engine.extension.TimeoutExtension.intercept(TimeoutExtension.java:156)
	at org.junit.jupiter.engine.extension.TimeoutExtension.interceptTestableMethod(TimeoutExtension.java:147)
	at org.junit.jupiter.engine.extension.TimeoutExtension.interceptTestMethod(TimeoutExtension.java:86)
	at org.junit.jupiter.engine.execution.InterceptingExecutableInvoker$ReflectiveInterceptorCall.lambda$ofVoidMethod$0(InterceptingExecutableInvoker.java:103)
	at org.junit.jupiter.engine.execution.InterceptingExecutableInvoker.lambda$invoke$0(InterceptingExecutableInvoker.java:93)
	at org.junit.jupiter.engine.execution.InvocationInterceptorChain$InterceptedInvocation.proceed(InvocationInterceptorChain.java:106)
	at org.junit.jupiter.engine.execution.InvocationInterceptorChain.proceed(InvocationInterceptorChain.java:64)
	at org.junit.jupiter.engine.execution.InvocationInterceptorChain.chainAndInvoke(InvocationInterceptorChain.java:45)
	at org.junit.jupiter.engine.execution.InvocationInterceptorChain.invoke(InvocationInterceptorChain.java:37)
	at org.junit.jupiter.engine.execution.InterceptingExecutableInvoker.invoke(InterceptingExecutableInvoker.java:92)
	at org.junit.jupiter.engine.execution.InterceptingExecutableInvoker.invoke(InterceptingExecutableInvoker.java:86)
	at org.junit.jupiter.engine.descriptor.TestMethodTestDescriptor.lambda$invokeTestMethod$7(TestMethodTestDescriptor.java:217)
	at org.junit.platform.engine.support.hierarchical.ThrowableCollector.execute(ThrowableCollector.java:73)
	at org.junit.jupiter.engine.descriptor.TestMethodTestDescriptor.invokeTestMethod(TestMethodTestDescriptor.java:213)
	at org.junit.jupiter.engine.descriptor.TestMethodTestDescriptor.execute(TestMethodTestDescriptor.java:138)
	at org.junit.jupiter.engine.descriptor.TestMethodTestDescriptor.execute(TestMethodTestDescriptor.java:68)
	at org.junit.platform.engine.support.hierarchical.NodeTestTask.lambda$executeRecursively$6(NodeTestTask.java:151)
	at org.junit.platform.engine.support.hierarchical.ThrowableCollector.execute(ThrowableCollector.java:73)
	at org.junit.platform.engine.support.hierarchical.NodeTestTask.lambda$executeRecursively$8(NodeTestTask.java:141)
	at org.junit.platform.engine.support.hierarchical.Node.around(Node.java:137)
	at org.junit.platform.engine.support.hierarchical.NodeTestTask.lambda$executeRecursively$9(NodeTestTask.java:139)
	at org.junit.platform.engine.support.hierarchical.ThrowableCollector.execute(ThrowableCollector.java:73)
	at org.junit.platform.engine.support.hierarchical.NodeTestTask.executeRecursively(NodeTestTask.java:138)
	at org.junit.platform.engine.support.hierarchical.NodeTestTask.execute(NodeTestTask.java:95)
	at java.base/java.util.ArrayList.forEach(ArrayList.java:1596)
	at org.junit.platform.engine.support.hierarchical.SameThreadHierarchicalTestExecutorService.invokeAll(SameThreadHierarchicalTestExecutorService.java:41)
	at org.junit.platform.engine.support.hierarchical.NodeTestTask.lambda$executeRecursively$6(NodeTestTask.java:155)
	at org.junit.platform.engine.support.hierarchical.ThrowableCollector.execute(ThrowableCollector.java:73)
	at org.junit.platform.engine.support.hierarchical.NodeTestTask.lambda$executeRecursively$8(NodeTestTask.java:141)
	at org.junit.platform.engine.support.hierarchical.Node.around(Node.java:137)
	at org.junit.platform.engine.support.hierarchical.NodeTestTask.lambda$executeRecursively$9(NodeTestTask.java:139)
	at org.junit.platform.engine.support.hierarchical.ThrowableCollector.execute(ThrowableCollector.java:73)
	at org.junit.platform.engine.support.hierarchical.NodeTestTask.executeRecursively(NodeTestTask.java:138)
	at org.junit.platform.engine.support.hierarchical.NodeTestTask.execute(NodeTestTask.java:95)
	at java.base/java.util.ArrayList.forEach(ArrayList.java:1596)
	at org.junit.platform.engine.support.hierarchical.SameThreadHierarchicalTestExecutorService.invokeAll(SameThreadHierarchicalTestExecutorService.java:41)
	at org.junit.platform.engine.support.hierarchical.NodeTestTask.lambda$executeRecursively$6(NodeTestTask.java:155)
	at org.junit.platform.engine.support.hierarchical.ThrowableCollector.execute(ThrowableCollector.java:73)
	at org.junit.platform.engine.support.hierarchical.NodeTestTask.lambda$executeRecursively$8(NodeTestTask.java:141)
	at org.junit.platform.engine.support.hierarchical.Node.around(Node.java:137)
	at org.junit.platform.engine.support.hierarchical.NodeTestTask.lambda$executeRecursively$9(NodeTestTask.java:139)
	at org.junit.platform.engine.support.hierarchical.ThrowableCollector.execute(ThrowableCollector.java:73)
	at org.junit.platform.engine.support.hierarchical.NodeTestTask.executeRecursively(NodeTestTask.java:138)
	at org.junit.platform.engine.support.hierarchical.NodeTestTask.execute(NodeTestTask.java:95)
	at org.junit.platform.engine.support.hierarchical.SameThreadHierarchicalTestExecutorService.submit(SameThreadHierarchicalTestExecutorService.java:35)
	at org.junit.platform.engine.support.hierarchical.HierarchicalTestExecutor.execute(HierarchicalTestExecutor.java:57)
	at org.junit.platform.engine.support.hierarchical.HierarchicalTestEngine.execute(HierarchicalTestEngine.java:54)
	at org.junit.platform.launcher.core.EngineExecutionOrchestrator.execute(EngineExecutionOrchestrator.java:107)
	at org.junit.platform.launcher.core.EngineExecutionOrchestrator.execute(EngineExecutionOrchestrator.java:88)
	at org.junit.platform.launcher.core.EngineExecutionOrchestrator.lambda$execute$0(EngineExecutionOrchestrator.java:54)
	at org.junit.platform.launcher.core.EngineExecutionOrchestrator.withInterceptedStreams(EngineExecutionOrchestrator.java:67)
	at org.junit.platform.launcher.core.EngineExecutionOrchestrator.execute(EngineExecutionOrchestrator.java:52)
	at org.junit.platform.launcher.core.DefaultLauncher.execute(DefaultLauncher.java:114)
	at org.junit.platform.launcher.core.DefaultLauncher.execute(DefaultLauncher.java:86)
	at org.junit.platform.launcher.core.DefaultLauncherSession$DelegatingLauncher.execute(DefaultLauncherSession.java:86)
	at org.gradle.api.internal.tasks.testing.junitplatform.JUnitPlatformTestClassProcessor$CollectAllTestClassesExecutor.processAllTestClasses(JUnitPlatformTestClassProcessor.java:119)
	at org.gradle.api.internal.tasks.testing.junitplatform.JUnitPlatformTestClassProcessor$CollectAllTestClassesExecutor.access$000(JUnitPlatformTestClassProcessor.java:94)
	at org.gradle.api.internal.tasks.testing.junitplatform.JUnitPlatformTestClassProcessor.stop(JUnitPlatformTestClassProcessor.java:89)
	at org.gradle.api.internal.tasks.testing.SuiteTestClassProcessor.stop(SuiteTestClassProcessor.java:62)
	at java.base/jdk.internal.reflect.DirectMethodHandleAccessor.invoke(DirectMethodHandleAccessor.java:103)
	at java.base/java.lang.reflect.Method.invoke(Method.java:580)
	at org.gradle.internal.dispatch.ReflectionDispatch.dispatch(ReflectionDispatch.java:36)
	at org.gradle.internal.dispatch.ReflectionDispatch.dispatch(ReflectionDispatch.java:24)
	at org.gradle.internal.dispatch.ContextClassLoaderDispatch.dispatch(ContextClassLoaderDispatch.java:33)
	at org.gradle.internal.dispatch.ProxyDispatchAdapter$DispatchingInvocationHandler.invoke(ProxyDispatchAdapter.java:94)
	at jdk.proxy1/jdk.proxy1.$Proxy2.stop(Unknown Source)
	at org.gradle.api.internal.tasks.testing.worker.TestWorker$3.run(TestWorker.java:193)
	at org.gradle.api.internal.tasks.testing.worker.TestWorker.executeAndMaintainThreadName(TestWorker.java:129)
	at org.gradle.api.internal.tasks.testing.worker.TestWorker.execute(TestWorker.java:100)
	at org.gradle.api.internal.tasks.testing.worker.TestWorker.execute(TestWorker.java:60)
	at org.gradle.process.internal.worker.child.ActionExecutionWorker.execute(ActionExecutionWorker.java:56)
	at org.gradle.process.internal.worker.child.SystemApplicationClassLoaderWorker.call(SystemApplicationClassLoaderWorker.java:113)
	at org.gradle.process.internal.worker.child.SystemApplicationClassLoaderWorker.call(SystemApplicationClassLoaderWorker.java:65)
	at worker.org.gradle.process.internal.worker.GradleWorkerMain.run(GradleWorkerMain.java:69)
	at worker.org.gradle.process.internal.worker.GradleWorkerMain.main(GradleWorkerMain.java:74)
</failure>
  </testcase>
  <testcase name="testLoseGameWithKBees()" classname="beesweeper.model.BeeSweeperRectangularShapeBasicTest" time="0.011">
    <failure message="java.lang.StackOverflowError" type="java.lang.StackOverflowError">java.lang.StackOverflowError
	at beesweeper.model.shape.FieldShape.getAdjacentCoordinates(FieldShape.java:99)
	at beesweeper.model.field.GameField.getAdjacentCoordinates(GameField.java:131)
	at beesweeper.model.BeeSweeper.revealNeighbors(BeeSweeper.java:130)
	at beesweeper.model.BeeSweeper.reveal(BeeSweeper.java:103)
	at beesweeper.model.BeeSweeper.revealNeighbors(BeeSweeper.java:140)
	at beesweeper.model.BeeSweeper.reveal(BeeSweeper.java:103)
	at beesweeper.model.BeeSweeper.revealNeighbors(BeeSweeper.java:140)
	at beesweeper.model.BeeSweeper.reveal(BeeSweeper.java:103)
	at beesweeper.model.BeeSweeper.revealNeighbors(BeeSweeper.java:140)
	at beesweeper.model.BeeSweeper.reveal(BeeSweeper.java:103)
	at beesweeper.model.BeeSweeper.revealNeighbors(BeeSweeper.java:140)
	at beesweeper.model.BeeSweeper.reveal(BeeSweeper.java:103)
	at beesweeper.model.BeeSweeper.revealNeighbors(BeeSweeper.java:140)
	at beesweeper.model.BeeSweeper.reveal(BeeSweeper.java:103)
	at beesweeper.model.BeeSweeper.revealNeighbors(BeeSweeper.java:140)
	at beesweeper.model.BeeSweeper.reveal(BeeSweeper.java:103)
	at beesweeper.model.BeeSweeper.revealNeighbors(BeeSweeper.java:140)
	at beesweeper.model.BeeSweeper.reveal(BeeSweeper.java:103)
	at beesweeper.model.BeeSweeper.revealNeighbors(BeeSweeper.java:140)
	at beesweeper.model.BeeSweeper.reveal(BeeSweeper.java:103)
	at beesweeper.model.BeeSweeper.revealNeighbors(BeeSweeper.java:140)
	at beesweeper.model.BeeSweeper.reveal(BeeSweeper.java:103)
	at beesweeper.model.BeeSweeper.revealNeighbors(BeeSweeper.java:140)
	at beesweeper.model.BeeSweeper.reveal(BeeSweeper.java:103)
	at beesweeper.model.BeeSweeper.revealNeighbors(BeeSweeper.java:140)
	at beesweeper.model.BeeSweeper.reveal(BeeSweeper.java:103)
	at beesweeper.model.BeeSweeper.revealNeighbors(BeeSweeper.java:140)
	at beesweeper.model.BeeSweeper.reveal(BeeSweeper.java:103)
	at beesweeper.model.BeeSweeper.revealNeighbors(BeeSweeper.java:140)
	at beesweeper.model.BeeSweeper.reveal(BeeSweeper.java:103)
	at beesweeper.model.BeeSweeper.revealNeighbors(BeeSweeper.java:140)
	at beesweeper.model.BeeSweeper.reveal(BeeSweeper.java:103)
	at beesweeper.model.BeeSweeper.revealNeighbors(BeeSweeper.java:140)
	at beesweeper.model.BeeSweeper.reveal(BeeSweeper.java:103)
	at beesweeper.model.BeeSweeper.revealNeighbors(BeeSweeper.java:140)
	at beesweeper.model.BeeSweeper.reveal(BeeSweeper.java:103)
	at beesweeper.model.BeeSweeper.revealNeighbors(BeeSweeper.java:140)
	at beesweeper.model.BeeSweeper.reveal(BeeSweeper.java:103)
	at beesweeper.model.BeeSweeper.revealNeighbors(BeeSweeper.java:140)
	at beesweeper.model.BeeSweeper.reveal(BeeSweeper.java:103)
	at beesweeper.model.BeeSweeper.revealNeighbors(BeeSweeper.java:140)
	at beesweeper.model.BeeSweeper.reveal(BeeSweeper.java:103)
	at beesweeper.model.BeeSweeper.revealNeighbors(BeeSweeper.java:140)
	at beesweeper.model.BeeSweeper.reveal(BeeSweeper.java:103)
	at beesweeper.model.BeeSweeper.revealNeighbors(BeeSweeper.java:140)
	at beesweeper.model.BeeSweeper.reveal(BeeSweeper.java:103)
	at beesweeper.model.BeeSweeper.revealNeighbors(BeeSweeper.java:140)
	at beesweeper.model.BeeSweeper.reveal(BeeSweeper.java:103)
	at beesweeper.model.BeeSweeper.revealNeighbors(BeeSweeper.java:140)
	at beesweeper.model.BeeSweeper.reveal(BeeSweeper.java:103)
	at beesweeper.model.BeeSweeper.revealNeighbors(BeeSweeper.java:140)
	at beesweeper.model.BeeSweeper.reveal(BeeSweeper.java:103)
	at beesweeper.model.BeeSweeper.revealNeighbors(BeeSweeper.java:140)
	at beesweeper.model.BeeSweeper.reveal(BeeSweeper.java:103)
	at beesweeper.model.BeeSweeper.revealNeighbors(BeeSweeper.java:140)
	at beesweeper.model.BeeSweeper.reveal(BeeSweeper.java:103)
	at beesweeper.model.BeeSweeper.revealNeighbors(BeeSweeper.java:140)
	at beesweeper.model.BeeSweeper.reveal(BeeSweeper.java:103)
	at beesweeper.model.BeeSweeper.revealNeighbors(BeeSweeper.java:140)
	at beesweeper.model.BeeSweeper.reveal(BeeSweeper.java:103)
	at beesweeper.model.BeeSweeper.revealNeighbors(BeeSweeper.java:140)
	at beesweeper.model.BeeSweeper.reveal(BeeSweeper.java:103)
	at beesweeper.model.BeeSweeper.revealNeighbors(BeeSweeper.java:140)
	at beesweeper.model.BeeSweeper.reveal(BeeSweeper.java:103)
	at beesweeper.model.BeeSweeper.revealNeighbors(BeeSweeper.java:140)
	at beesweeper.model.BeeSweeper.reveal(BeeSweeper.java:103)
	at beesweeper.model.BeeSweeper.revealNeighbors(BeeSweeper.java:140)
	at beesweeper.model.BeeSweeper.reveal(BeeSweeper.java:103)
	at beesweeper.model.BeeSweeper.revealNeighbors(BeeSweeper.java:140)
	at beesweeper.model.BeeSweeper.reveal(BeeSweeper.java:103)
	at beesweeper.model.BeeSweeper.revealNeighbors(BeeSweeper.java:140)
	at beesweeper.model.BeeSweeper.reveal(BeeSweeper.java:103)
	at beesweeper.model.BeeSweeper.revealNeighbors(BeeSweeper.java:140)
	at beesweeper.model.BeeSweeper.reveal(BeeSweeper.java:103)
	at beesweeper.model.BeeSweeper.revealNeighbors(BeeSweeper.java:140)
	at beesweeper.model.BeeSweeper.reveal(BeeSweeper.java:103)
	at beesweeper.model.BeeSweeper.revealNeighbors(BeeSweeper.java:140)
	at beesweeper.model.BeeSweeper.reveal(BeeSweeper.java:103)
	at beesweeper.model.BeeSweeper.revealNeighbors(BeeSweeper.java:140)
	at beesweeper.model.BeeSweeper.reveal(BeeSweeper.java:103)
	at beesweeper.model.BeeSweeper.revealNeighbors(BeeSweeper.java:140)
	at beesweeper.model.BeeSweeper.reveal(BeeSweeper.java:103)
	at beesweeper.model.BeeSweeper.revealNeighbors(BeeSweeper.java:140)
	at beesweeper.model.BeeSweeper.reveal(BeeSweeper.java:103)
	at beesweeper.model.BeeSweeper.revealNeighbors(BeeSweeper.java:140)
	at beesweeper.model.BeeSweeper.reveal(BeeSweeper.java:103)
	at beesweeper.model.BeeSweeper.revealNeighbors(BeeSweeper.java:140)
	at beesweeper.model.BeeSweeper.reveal(BeeSweeper.java:103)
	at beesweeper.model.BeeSweeper.revealNeighbors(BeeSweeper.java:140)
	at beesweeper.model.BeeSweeper.reveal(BeeSweeper.java:103)
	at beesweeper.model.BeeSweeper.revealNeighbors(BeeSweeper.java:140)
	at beesweeper.model.BeeSweeper.reveal(BeeSweeper.java:103)
	at beesweeper.model.BeeSweeper.revealNeighbors(BeeSweeper.java:140)
	at beesweeper.model.BeeSweeper.reveal(BeeSweeper.java:103)
	at beesweeper.model.BeeSweeper.revealNeighbors(BeeSweeper.java:140)
	at beesweeper.model.BeeSweeper.reveal(BeeSweeper.java:103)
	at beesweeper.model.BeeSweeper.revealNeighbors(BeeSweeper.java:140)
	at beesweeper.model.BeeSweeper.reveal(BeeSweeper.java:103)
	at beesweeper.model.BeeSweeper.revealNeighbors(BeeSweeper.java:140)
	at beesweeper.model.BeeSweeper.reveal(BeeSweeper.java:103)
	at beesweeper.model.BeeSweeper.revealNeighbors(BeeSweeper.java:140)
	at beesweeper.model.BeeSweeper.reveal(BeeSweeper.java:103)
	at beesweeper.model.BeeSweeper.revealNeighbors(BeeSweeper.java:140)
	at beesweeper.model.BeeSweeper.reveal(BeeSweeper.java:103)
	at beesweeper.model.BeeSweeper.revealNeighbors(BeeSweeper.java:140)
	at beesweeper.model.BeeSweeper.reveal(BeeSweeper.java:103)
	at beesweeper.model.BeeSweeper.revealNeighbors(BeeSweeper.java:140)
	at beesweeper.model.BeeSweeper.reveal(BeeSweeper.java:103)
	at beesweeper.model.BeeSweeper.revealNeighbors(BeeSweeper.java:140)
	at beesweeper.model.BeeSweeper.reveal(BeeSweeper.java:103)
	at beesweeper.model.BeeSweeper.revealNeighbors(BeeSweeper.java:140)
	at beesweeper.model.BeeSweeper.reveal(BeeSweeper.java:103)
	at beesweeper.model.BeeSweeper.revealNeighbors(BeeSweeper.java:140)
	at beesweeper.model.BeeSweeper.reveal(BeeSweeper.java:103)
	at beesweeper.model.BeeSweeper.revealNeighbors(BeeSweeper.java:140)
	at beesweeper.model.BeeSweeper.reveal(BeeSweeper.java:103)
	at beesweeper.model.BeeSweeper.revealNeighbors(BeeSweeper.java:140)
	at beesweeper.model.BeeSweeper.reveal(BeeSweeper.java:103)
	at beesweeper.model.BeeSweeper.revealNeighbors(BeeSweeper.java:140)
	at beesweeper.model.BeeSweeper.reveal(BeeSweeper.java:103)
	at beesweeper.model.BeeSweeper.revealNeighbors(BeeSweeper.java:140)
	at beesweeper.model.BeeSweeper.reveal(BeeSweeper.java:103)
	at beesweeper.model.BeeSweeper.revealNeighbors(BeeSweeper.java:140)
	at beesweeper.model.BeeSweeper.reveal(BeeSweeper.java:103)
	at beesweeper.model.BeeSweeper.revealNeighbors(BeeSweeper.java:140)
	at beesweeper.model.BeeSweeper.reveal(BeeSweeper.java:103)
	at beesweeper.model.BeeSweeper.revealNeighbors(BeeSweeper.java:140)
	at beesweeper.model.BeeSweeper.reveal(BeeSweeper.java:103)
	at beesweeper.model.BeeSweeper.revealNeighbors(BeeSweeper.java:140)
	at beesweeper.model.BeeSweeper.reveal(BeeSweeper.java:103)
	at beesweeper.model.BeeSweeper.revealNeighbors(BeeSweeper.java:140)
	at beesweeper.model.BeeSweeper.reveal(BeeSweeper.java:103)
	at beesweeper.model.BeeSweeper.revealNeighbors(BeeSweeper.java:140)
	at beesweeper.model.BeeSweeper.reveal(BeeSweeper.java:103)
	at beesweeper.model.BeeSweeper.revealNeighbors(BeeSweeper.java:140)
	at beesweeper.model.BeeSweeper.reveal(BeeSweeper.java:103)
	at beesweeper.model.BeeSweeper.revealNeighbors(BeeSweeper.java:140)
	at beesweeper.model.BeeSweeper.reveal(BeeSweeper.java:103)
	at beesweeper.model.BeeSweeper.revealNeighbors(BeeSweeper.java:140)
	at beesweeper.model.BeeSweeper.reveal(BeeSweeper.java:103)
	at beesweeper.model.BeeSweeper.revealNeighbors(BeeSweeper.java:140)
	at beesweeper.model.BeeSweeper.reveal(BeeSweeper.java:103)
	at beesweeper.model.BeeSweeper.revealNeighbors(BeeSweeper.java:140)
	at beesweeper.model.BeeSweeper.reveal(BeeSweeper.java:103)
	at beesweeper.model.BeeSweeper.revealNeighbors(BeeSweeper.java:140)
	at beesweeper.model.BeeSweeper.reveal(BeeSweeper.java:103)
	at beesweeper.model.BeeSweeper.revealNeighbors(BeeSweeper.java:140)
	at beesweeper.model.BeeSweeper.reveal(BeeSweeper.java:103)
	at beesweeper.model.BeeSweeper.revealNeighbors(BeeSweeper.java:140)
	at beesweeper.model.BeeSweeper.reveal(BeeSweeper.java:103)
	at beesweeper.model.BeeSweeper.revealNeighbors(BeeSweeper.java:140)
	at beesweeper.model.BeeSweeper.reveal(BeeSweeper.java:103)
	at beesweeper.model.BeeSweeper.revealNeighbors(BeeSweeper.java:140)
	at beesweeper.model.BeeSweeper.reveal(BeeSweeper.java:103)
	at beesweeper.model.BeeSweeper.revealNeighbors(BeeSweeper.java:140)
	at beesweeper.model.BeeSweeper.reveal(BeeSweeper.java:103)
	at beesweeper.model.BeeSweeper.revealNeighbors(BeeSweeper.java:140)
	at beesweeper.model.BeeSweeper.reveal(BeeSweeper.java:103)
	at beesweeper.model.BeeSweeper.revealNeighbors(BeeSweeper.java:140)
	at beesweeper.model.BeeSweeper.reveal(BeeSweeper.java:103)
	at beesweeper.model.BeeSweeper.revealNeighbors(BeeSweeper.java:140)
	at beesweeper.model.BeeSweeper.reveal(BeeSweeper.java:103)
	at beesweeper.model.BeeSweeper.revealNeighbors(BeeSweeper.java:140)
	at beesweeper.model.BeeSweeper.reveal(BeeSweeper.java:103)
	at beesweeper.model.BeeSweeper.revealNeighbors(BeeSweeper.java:140)
	at beesweeper.model.BeeSweeper.reveal(BeeSweeper.java:103)
	at beesweeper.model.BeeSweeper.revealNeighbors(BeeSweeper.java:140)
	at beesweeper.model.BeeSweeper.reveal(BeeSweeper.java:103)
	at beesweeper.model.BeeSweeper.revealNeighbors(BeeSweeper.java:140)
	at beesweeper.model.BeeSweeper.reveal(BeeSweeper.java:103)
	at beesweeper.model.BeeSweeper.revealNeighbors(BeeSweeper.java:140)
	at beesweeper.model.BeeSweeper.reveal(BeeSweeper.java:103)
	at beesweeper.model.BeeSweeper.revealNeighbors(BeeSweeper.java:140)
	at beesweeper.model.BeeSweeper.reveal(BeeSweeper.java:103)
	at beesweeper.model.BeeSweeper.revealNeighbors(BeeSweeper.java:140)
	at beesweeper.model.BeeSweeper.reveal(BeeSweeper.java:103)
	at beesweeper.model.BeeSweeper.revealNeighbors(BeeSweeper.java:140)
	at beesweeper.model.BeeSweeper.reveal(BeeSweeper.java:103)
	at beesweeper.model.BeeSweeper.revealNeighbors(BeeSweeper.java:140)
	at beesweeper.model.BeeSweeper.reveal(BeeSweeper.java:103)
	at beesweeper.model.BeeSweeper.revealNeighbors(BeeSweeper.java:140)
	at beesweeper.model.BeeSweeper.reveal(BeeSweeper.java:103)
	at beesweeper.model.BeeSweeper.revealNeighbors(BeeSweeper.java:140)
	at beesweeper.model.BeeSweeper.reveal(BeeSweeper.java:103)
	at beesweeper.model.BeeSweeper.revealNeighbors(BeeSweeper.java:140)
	at beesweeper.model.BeeSweeper.reveal(BeeSweeper.java:103)
	at beesweeper.model.BeeSweeper.revealNeighbors(BeeSweeper.java:140)
	at beesweeper.model.BeeSweeper.reveal(BeeSweeper.java:103)
	at beesweeper.model.BeeSweeper.revealNeighbors(BeeSweeper.java:140)
	at beesweeper.model.BeeSweeper.reveal(BeeSweeper.java:103)
	at beesweeper.model.BeeSweeper.revealNeighbors(BeeSweeper.java:140)
	at beesweeper.model.BeeSweeper.reveal(BeeSweeper.java:103)
	at beesweeper.model.BeeSweeper.revealNeighbors(BeeSweeper.java:140)
	at beesweeper.model.BeeSweeper.reveal(BeeSweeper.java:103)
	at beesweeper.model.BeeSweeper.revealNeighbors(BeeSweeper.java:140)
	at beesweeper.model.BeeSweeper.reveal(BeeSweeper.java:103)
	at beesweeper.model.BeeSweeper.revealNeighbors(BeeSweeper.java:140)
	at beesweeper.model.BeeSweeper.reveal(BeeSweeper.java:103)
	at beesweeper.model.BeeSweeper.revealNeighbors(BeeSweeper.java:140)
	at beesweeper.model.BeeSweeper.reveal(BeeSweeper.java:103)
	at beesweeper.model.BeeSweeper.revealNeighbors(BeeSweeper.java:140)
	at beesweeper.model.BeeSweeper.reveal(BeeSweeper.java:103)
	at beesweeper.model.BeeSweeper.revealNeighbors(BeeSweeper.java:140)
	at beesweeper.model.BeeSweeper.reveal(BeeSweeper.java:103)
	at beesweeper.model.BeeSweeper.revealNeighbors(BeeSweeper.java:140)
	at beesweeper.model.BeeSweeper.reveal(BeeSweeper.java:103)
	at beesweeper.model.BeeSweeper.revealNeighbors(BeeSweeper.java:140)
	at beesweeper.model.BeeSweeper.reveal(BeeSweeper.java:103)
	at beesweeper.model.BeeSweeper.revealNeighbors(BeeSweeper.java:140)
	at beesweeper.model.BeeSweeper.reveal(BeeSweeper.java:103)
	at beesweeper.model.BeeSweeper.revealNeighbors(BeeSweeper.java:140)
	at beesweeper.model.BeeSweeper.reveal(BeeSweeper.java:103)
	at beesweeper.model.BeeSweeper.revealNeighbors(BeeSweeper.java:140)
	at beesweeper.model.BeeSweeper.reveal(BeeSweeper.java:103)
	at beesweeper.model.BeeSweeper.revealNeighbors(BeeSweeper.java:140)
	at beesweeper.model.BeeSweeper.reveal(BeeSweeper.java:103)
	at beesweeper.model.BeeSweeper.revealNeighbors(BeeSweeper.java:140)
	at beesweeper.model.BeeSweeper.reveal(BeeSweeper.java:103)
	at beesweeper.model.BeeSweeper.revealNeighbors(BeeSweeper.java:140)
	at beesweeper.model.BeeSweeper.reveal(BeeSweeper.java:103)
	at beesweeper.model.BeeSweeper.revealNeighbors(BeeSweeper.java:140)
	at beesweeper.model.BeeSweeper.reveal(BeeSweeper.java:103)
	at beesweeper.model.BeeSweeper.revealNeighbors(BeeSweeper.java:140)
	at beesweeper.model.BeeSweeper.reveal(BeeSweeper.java:103)
	at beesweeper.model.BeeSweeper.revealNeighbors(BeeSweeper.java:140)
	at beesweeper.model.BeeSweeper.reveal(BeeSweeper.java:103)
	at beesweeper.model.BeeSweeper.revealNeighbors(BeeSweeper.java:140)
	at beesweeper.model.BeeSweeper.reveal(BeeSweeper.java:103)
	at beesweeper.model.BeeSweeper.revealNeighbors(BeeSweeper.java:140)
	at beesweeper.model.BeeSweeper.reveal(BeeSweeper.java:103)
	at beesweeper.model.BeeSweeper.revealNeighbors(BeeSweeper.java:140)
	at beesweeper.model.BeeSweeper.reveal(BeeSweeper.java:103)
	at beesweeper.model.BeeSweeper.revealNeighbors(BeeSweeper.java:140)
	at beesweeper.model.BeeSweeper.reveal(BeeSweeper.java:103)
	at beesweeper.model.BeeSweeper.revealNeighbors(BeeSweeper.java:140)
	at beesweeper.model.BeeSweeper.reveal(BeeSweeper.java:103)
	at beesweeper.model.BeeSweeper.revealNeighbors(BeeSweeper.java:140)
	at beesweeper.model.BeeSweeper.reveal(BeeSweeper.java:103)
	at beesweeper.model.BeeSweeper.revealNeighbors(BeeSweeper.java:140)
	at beesweeper.model.BeeSweeper.reveal(BeeSweeper.java:103)
	at beesweeper.model.BeeSweeper.revealNeighbors(BeeSweeper.java:140)
	at beesweeper.model.BeeSweeper.reveal(BeeSweeper.java:103)
	at beesweeper.model.BeeSweeper.revealNeighbors(BeeSweeper.java:140)
	at beesweeper.model.BeeSweeper.reveal(BeeSweeper.java:103)
	at beesweeper.model.BeeSweeper.revealNeighbors(BeeSweeper.java:140)
	at beesweeper.model.BeeSweeper.reveal(BeeSweeper.java:103)
	at beesweeper.model.BeeSweeper.revealNeighbors(BeeSweeper.java:140)
	at beesweeper.model.BeeSweeper.reveal(BeeSweeper.java:103)
	at beesweeper.model.BeeSweeper.revealNeighbors(BeeSweeper.java:140)
	at beesweeper.model.BeeSweeper.reveal(BeeSweeper.java:103)
	at beesweeper.model.BeeSweeper.revealNeighbors(BeeSweeper.java:140)
	at beesweeper.model.BeeSweeper.reveal(BeeSweeper.java:103)
	at beesweeper.model.BeeSweeper.revealNeighbors(BeeSweeper.java:140)
	at beesweeper.model.BeeSweeper.reveal(BeeSweeper.java:103)
	at beesweeper.model.BeeSweeper.revealNeighbors(BeeSweeper.java:140)
	at beesweeper.model.BeeSweeper.reveal(BeeSweeper.java:103)
	at beesweeper.model.BeeSweeper.revealNeighbors(BeeSweeper.java:140)
	at beesweeper.model.BeeSweeper.reveal(BeeSweeper.java:103)
	at beesweeper.model.BeeSweeper.revealNeighbors(BeeSweeper.java:140)
	at beesweeper.model.BeeSweeper.reveal(BeeSweeper.java:103)
	at beesweeper.model.BeeSweeper.revealNeighbors(BeeSweeper.java:140)
	at beesweeper.model.BeeSweeper.reveal(BeeSweeper.java:103)
	at beesweeper.model.BeeSweeper.revealNeighbors(BeeSweeper.java:140)
	at beesweeper.model.BeeSweeper.reveal(BeeSweeper.java:103)
	at beesweeper.model.BeeSweeper.revealNeighbors(BeeSweeper.java:140)
	at beesweeper.model.BeeSweeper.reveal(BeeSweeper.java:103)
	at beesweeper.model.BeeSweeper.revealNeighbors(BeeSweeper.java:140)
	at beesweeper.model.BeeSweeper.reveal(BeeSweeper.java:103)
	at beesweeper.model.BeeSweeper.revealNeighbors(BeeSweeper.java:140)
	at beesweeper.model.BeeSweeper.reveal(BeeSweeper.java:103)
	at beesweeper.model.BeeSweeper.revealNeighbors(BeeSweeper.java:140)
	at beesweeper.model.BeeSweeper.reveal(BeeSweeper.java:103)
	at beesweeper.model.BeeSweeper.revealNeighbors(BeeSweeper.java:140)
	at beesweeper.model.BeeSweeper.reveal(BeeSweeper.java:103)
	at beesweeper.model.BeeSweeper.revealNeighbors(BeeSweeper.java:140)
	at beesweeper.model.BeeSweeper.reveal(BeeSweeper.java:103)
	at beesweeper.model.BeeSweeper.revealNeighbors(BeeSweeper.java:140)
	at beesweeper.model.BeeSweeper.reveal(BeeSweeper.java:103)
	at beesweeper.model.BeeSweeper.revealNeighbors(BeeSweeper.java:140)
	at beesweeper.model.BeeSweeper.reveal(BeeSweeper.java:103)
	at beesweeper.model.BeeSweeper.revealNeighbors(BeeSweeper.java:140)
	at beesweeper.model.BeeSweeper.reveal(BeeSweeper.java:103)
	at beesweeper.model.BeeSweeper.revealNeighbors(BeeSweeper.java:140)
	at beesweeper.model.BeeSweeper.reveal(BeeSweeper.java:103)
	at beesweeper.model.BeeSweeper.revealNeighbors(BeeSweeper.java:140)
	at beesweeper.model.BeeSweeper.reveal(BeeSweeper.java:103)
	at beesweeper.model.BeeSweeper.revealNeighbors(BeeSweeper.java:140)
	at beesweeper.model.BeeSweeper.reveal(BeeSweeper.java:103)
	at beesweeper.model.BeeSweeper.revealNeighbors(BeeSweeper.java:140)
	at beesweeper.model.BeeSweeper.reveal(BeeSweeper.java:103)
	at beesweeper.model.BeeSweeper.revealNeighbors(BeeSweeper.java:140)
	at beesweeper.model.BeeSweeper.reveal(BeeSweeper.java:103)
	at beesweeper.model.BeeSweeper.revealNeighbors(BeeSweeper.java:140)
	at beesweeper.model.BeeSweeper.reveal(BeeSweeper.java:103)
	at beesweeper.model.BeeSweeper.revealNeighbors(BeeSweeper.java:140)
	at beesweeper.model.BeeSweeper.reveal(BeeSweeper.java:103)
	at beesweeper.model.BeeSweeper.revealNeighbors(BeeSweeper.java:140)
	at beesweeper.model.BeeSweeper.reveal(BeeSweeper.java:103)
	at beesweeper.model.BeeSweeper.revealNeighbors(BeeSweeper.java:140)
	at beesweeper.model.BeeSweeper.reveal(BeeSweeper.java:103)
	at beesweeper.model.BeeSweeper.revealNeighbors(BeeSweeper.java:140)
	at beesweeper.model.BeeSweeper.reveal(BeeSweeper.java:103)
	at beesweeper.model.BeeSweeper.revealNeighbors(BeeSweeper.java:140)
	at beesweeper.model.BeeSweeper.reveal(BeeSweeper.java:103)
	at beesweeper.model.BeeSweeper.revealNeighbors(BeeSweeper.java:140)
	at beesweeper.model.BeeSweeper.reveal(BeeSweeper.java:103)
	at beesweeper.model.BeeSweeper.revealNeighbors(BeeSweeper.java:140)
	at beesweeper.model.BeeSweeper.reveal(BeeSweeper.java:103)
	at beesweeper.model.BeeSweeper.revealNeighbors(BeeSweeper.java:140)
	at beesweeper.model.BeeSweeper.reveal(BeeSweeper.java:103)
	at beesweeper.model.BeeSweeper.revealNeighbors(BeeSweeper.java:140)
	at beesweeper.model.BeeSweeper.reveal(BeeSweeper.java:103)
	at beesweeper.model.BeeSweeper.revealNeighbors(BeeSweeper.java:140)
	at beesweeper.model.BeeSweeper.reveal(BeeSweeper.java:103)
	at beesweeper.model.BeeSweeper.revealNeighbors(BeeSweeper.java:140)
	at beesweeper.model.BeeSweeper.reveal(BeeSweeper.java:103)
	at beesweeper.model.BeeSweeper.revealNeighbors(BeeSweeper.java:140)
	at beesweeper.model.BeeSweeper.reveal(BeeSweeper.java:103)
	at beesweeper.model.BeeSweeper.revealNeighbors(BeeSweeper.java:140)
	at beesweeper.model.BeeSweeper.reveal(BeeSweeper.java:103)
	at beesweeper.model.BeeSweeper.revealNeighbors(BeeSweeper.java:140)
	at beesweeper.model.BeeSweeper.reveal(BeeSweeper.java:103)
	at beesweeper.model.BeeSweeper.revealNeighbors(BeeSweeper.java:140)
	at beesweeper.model.BeeSweeper.reveal(BeeSweeper.java:103)
	at beesweeper.model.BeeSweeper.revealNeighbors(BeeSweeper.java:140)
	at beesweeper.model.BeeSweeper.reveal(BeeSweeper.java:103)
	at beesweeper.model.BeeSweeper.revealNeighbors(BeeSweeper.java:140)
	at beesweeper.model.BeeSweeper.reveal(BeeSweeper.java:103)
	at beesweeper.model.BeeSweeper.revealNeighbors(BeeSweeper.java:140)
	at beesweeper.model.BeeSweeper.reveal(BeeSweeper.java:103)
	at beesweeper.model.BeeSweeper.revealNeighbors(BeeSweeper.java:140)
	at beesweeper.model.BeeSweeper.reveal(BeeSweeper.java:103)
	at beesweeper.model.BeeSweeper.revealNeighbors(BeeSweeper.java:140)
	at beesweeper.model.BeeSweeper.reveal(BeeSweeper.java:103)
	at beesweeper.model.BeeSweeper.revealNeighbors(BeeSweeper.java:140)
	at beesweeper.model.BeeSweeper.reveal(BeeSweeper.java:103)
	at beesweeper.model.BeeSweeper.revealNeighbors(BeeSweeper.java:140)
	at beesweeper.model.BeeSweeper.reveal(BeeSweeper.java:103)
	at beesweeper.model.BeeSweeper.revealNeighbors(BeeSweeper.java:140)
	at beesweeper.model.BeeSweeper.reveal(BeeSweeper.java:103)
	at beesweeper.model.BeeSweeper.revealNeighbors(BeeSweeper.java:140)
	at beesweeper.model.BeeSweeper.reveal(BeeSweeper.java:103)
	at beesweeper.model.BeeSweeper.revealNeighbors(BeeSweeper.java:140)
	at beesweeper.model.BeeSweeper.reveal(BeeSweeper.java:103)
	at beesweeper.model.BeeSweeper.revealNeighbors(BeeSweeper.java:140)
	at beesweeper.model.BeeSweeper.reveal(BeeSweeper.java:103)
	at beesweeper.model.BeeSweeper.revealNeighbors(BeeSweeper.java:140)
	at beesweeper.model.BeeSweeper.reveal(BeeSweeper.java:103)
	at beesweeper.model.BeeSweeper.revealNeighbors(BeeSweeper.java:140)
	at beesweeper.model.BeeSweeper.reveal(BeeSweeper.java:103)
	at beesweeper.model.BeeSweeper.revealNeighbors(BeeSweeper.java:140)
	at beesweeper.model.BeeSweeper.reveal(BeeSweeper.java:103)
	at beesweeper.model.BeeSweeper.revealNeighbors(BeeSweeper.java:140)
	at beesweeper.model.BeeSweeper.reveal(BeeSweeper.java:103)
	at beesweeper.model.BeeSweeper.revealNeighbors(BeeSweeper.java:140)
	at beesweeper.model.BeeSweeper.reveal(BeeSweeper.java:103)
	at beesweeper.model.BeeSweeper.revealNeighbors(BeeSweeper.java:140)
	at beesweeper.model.BeeSweeper.reveal(BeeSweeper.java:103)
	at beesweeper.model.BeeSweeper.revealNeighbors(BeeSweeper.java:140)
	at beesweeper.model.BeeSweeper.reveal(BeeSweeper.java:103)
	at beesweeper.model.BeeSweeper.revealNeighbors(BeeSweeper.java:140)
	at beesweeper.model.BeeSweeper.reveal(BeeSweeper.java:103)
	at beesweeper.model.BeeSweeper.revealNeighbors(BeeSweeper.java:140)
	at beesweeper.model.BeeSweeper.reveal(BeeSweeper.java:103)
	at beesweeper.model.BeeSweeper.revealNeighbors(BeeSweeper.java:140)
	at beesweeper.model.BeeSweeper.reveal(BeeSweeper.java:103)
	at beesweeper.model.BeeSweeper.revealNeighbors(BeeSweeper.java:140)
	at beesweeper.model.BeeSweeper.reveal(BeeSweeper.java:103)
	at beesweeper.model.BeeSweeper.revealNeighbors(BeeSweeper.java:140)
	at beesweeper.model.BeeSweeper.reveal(BeeSweeper.java:103)
	at beesweeper.model.BeeSweeper.revealNeighbors(BeeSweeper.java:140)
	at beesweeper.model.BeeSweeper.reveal(BeeSweeper.java:103)
	at beesweeper.model.BeeSweeper.revealNeighbors(BeeSweeper.java:140)
	at beesweeper.model.BeeSweeper.reveal(BeeSweeper.java:103)
	at beesweeper.model.BeeSweeper.revealNeighbors(BeeSweeper.java:140)
	at beesweeper.model.BeeSweeper.reveal(BeeSweeper.java:103)
	at beesweeper.model.BeeSweeper.revealNeighbors(BeeSweeper.java:140)
	at beesweeper.model.BeeSweeper.reveal(BeeSweeper.java:103)
	at beesweeper.model.BeeSweeper.revealNeighbors(BeeSweeper.java:140)
	at beesweeper.model.BeeSweeper.reveal(BeeSweeper.java:103)
	at beesweeper.model.BeeSweeper.revealNeighbors(BeeSweeper.java:140)
	at beesweeper.model.BeeSweeper.reveal(BeeSweeper.java:103)
	at beesweeper.model.BeeSweeper.revealNeighbors(BeeSweeper.java:140)
	at beesweeper.model.BeeSweeper.reveal(BeeSweeper.java:103)
	at beesweeper.model.BeeSweeper.revealNeighbors(BeeSweeper.java:140)
	at beesweeper.model.BeeSweeper.reveal(BeeSweeper.java:103)
	at beesweeper.model.BeeSweeper.revealNeighbors(BeeSweeper.java:140)
	at beesweeper.model.BeeSweeper.reveal(BeeSweeper.java:103)
	at beesweeper.model.BeeSweeper.revealNeighbors(BeeSweeper.java:140)
	at beesweeper.model.BeeSweeper.reveal(BeeSweeper.java:103)
	at beesweeper.model.BeeSweeper.revealNeighbors(BeeSweeper.java:140)
	at beesweeper.model.BeeSweeper.reveal(BeeSweeper.java:103)
	at beesweeper.model.BeeSweeper.revealNeighbors(BeeSweeper.java:140)
	at beesweeper.model.BeeSweeper.reveal(BeeSweeper.java:103)
	at beesweeper.model.BeeSweeper.revealNeighbors(BeeSweeper.java:140)
	at beesweeper.model.BeeSweeper.reveal(BeeSweeper.java:103)
	at beesweeper.model.BeeSweeper.revealNeighbors(BeeSweeper.java:140)
	at beesweeper.model.BeeSweeper.reveal(BeeSweeper.java:103)
	at beesweeper.model.BeeSweeper.revealNeighbors(BeeSweeper.java:140)
	at beesweeper.model.BeeSweeper.reveal(BeeSweeper.java:103)
	at beesweeper.model.BeeSweeper.revealNeighbors(BeeSweeper.java:140)
	at beesweeper.model.BeeSweeper.reveal(BeeSweeper.java:103)
	at beesweeper.model.BeeSweeper.revealNeighbors(BeeSweeper.java:140)
	at beesweeper.model.BeeSweeper.reveal(BeeSweeper.java:103)
	at beesweeper.model.BeeSweeper.revealNeighbors(BeeSweeper.java:140)
	at beesweeper.model.BeeSweeper.reveal(BeeSweeper.java:103)
	at beesweeper.model.BeeSweeper.revealNeighbors(BeeSweeper.java:140)
	at beesweeper.model.BeeSweeper.reveal(BeeSweeper.java:103)
	at beesweeper.model.BeeSweeper.revealNeighbors(BeeSweeper.java:140)
	at beesweeper.model.BeeSweeper.reveal(BeeSweeper.java:103)
	at beesweeper.model.BeeSweeper.revealNeighbors(BeeSweeper.java:140)
	at beesweeper.model.BeeSweeper.reveal(BeeSweeper.java:103)
	at beesweeper.model.BeeSweeper.revealNeighbors(BeeSweeper.java:140)
	at beesweeper.model.BeeSweeper.reveal(BeeSweeper.java:103)
	at beesweeper.model.BeeSweeper.revealNeighbors(BeeSweeper.java:140)
	at beesweeper.model.BeeSweeper.reveal(BeeSweeper.java:103)
	at beesweeper.model.BeeSweeper.revealNeighbors(BeeSweeper.java:140)
	at beesweeper.model.BeeSweeper.reveal(BeeSweeper.java:103)
	at beesweeper.model.BeeSweeper.revealNeighbors(BeeSweeper.java:140)
	at beesweeper.model.BeeSweeper.reveal(BeeSweeper.java:103)
	at beesweeper.model.BeeSweeper.revealNeighbors(BeeSweeper.java:140)
	at beesweeper.model.BeeSweeper.reveal(BeeSweeper.java:103)
	at beesweeper.model.BeeSweeper.revealNeighbors(BeeSweeper.java:140)
	at beesweeper.model.BeeSweeper.reveal(BeeSweeper.java:103)
	at beesweeper.model.BeeSweeper.revealNeighbors(BeeSweeper.java:140)
	at beesweeper.model.BeeSweeper.reveal(BeeSweeper.java:103)
	at beesweeper.model.BeeSweeper.revealNeighbors(BeeSweeper.java:140)
	at beesweeper.model.BeeSweeper.reveal(BeeSweeper.java:103)
	at beesweeper.model.BeeSweeper.revealNeighbors(BeeSweeper.java:140)
	at beesweeper.model.BeeSweeper.reveal(BeeSweeper.java:103)
	at beesweeper.model.BeeSweeper.revealNeighbors(BeeSweeper.java:140)
	at beesweeper.model.BeeSweeper.reveal(BeeSweeper.java:103)
	at beesweeper.model.BeeSweeper.revealNeighbors(BeeSweeper.java:140)
	at beesweeper.model.BeeSweeper.reveal(BeeSweeper.java:103)
	at beesweeper.model.BeeSweeper.revealNeighbors(BeeSweeper.java:140)
	at beesweeper.model.BeeSweeper.reveal(BeeSweeper.java:103)
	at beesweeper.model.BeeSweeper.revealNeighbors(BeeSweeper.java:140)
	at beesweeper.model.BeeSweeper.reveal(BeeSweeper.java:103)
	at beesweeper.model.BeeSweeper.revealNeighbors(BeeSweeper.java:140)
	at beesweeper.model.BeeSweeper.reveal(BeeSweeper.java:103)
	at beesweeper.model.BeeSweeper.revealNeighbors(BeeSweeper.java:140)
	at beesweeper.model.BeeSweeper.reveal(BeeSweeper.java:103)
	at beesweeper.model.BeeSweeper.revealNeighbors(BeeSweeper.java:140)
	at beesweeper.model.BeeSweeper.reveal(BeeSweeper.java:103)
	at beesweeper.model.BeeSweeper.revealNeighbors(BeeSweeper.java:140)
	at beesweeper.model.BeeSweeper.reveal(BeeSweeper.java:103)
	at beesweeper.model.BeeSweeper.revealNeighbors(BeeSweeper.java:140)
	at beesweeper.model.BeeSweeper.reveal(BeeSweeper.java:103)
	at beesweeper.model.BeeSweeper.revealNeighbors(BeeSweeper.java:140)
	at beesweeper.model.BeeSweeper.reveal(BeeSweeper.java:103)
	at beesweeper.model.BeeSweeper.revealNeighbors(BeeSweeper.java:140)
	at beesweeper.model.BeeSweeper.reveal(BeeSweeper.java:103)
	at beesweeper.model.BeeSweeper.revealNeighbors(BeeSweeper.java:140)
	at beesweeper.model.BeeSweeper.reveal(BeeSweeper.java:103)
	at beesweeper.model.BeeSweeper.revealNeighbors(BeeSweeper.java:140)
	at beesweeper.model.BeeSweeper.reveal(BeeSweeper.java:103)
	at beesweeper.model.BeeSweeper.revealNeighbors(BeeSweeper.java:140)
	at beesweeper.model.BeeSweeper.reveal(BeeSweeper.java:103)
	at beesweeper.model.BeeSweeper.revealNeighbors(BeeSweeper.java:140)
	at beesweeper.model.BeeSweeper.reveal(BeeSweeper.java:103)
	at beesweeper.model.BeeSweeper.revealNeighbors(BeeSweeper.java:140)
	at beesweeper.model.BeeSweeper.reveal(BeeSweeper.java:103)
	at beesweeper.model.BeeSweeper.revealNeighbors(BeeSweeper.java:140)
	at beesweeper.model.BeeSweeper.reveal(BeeSweeper.java:103)
	at beesweeper.model.BeeSweeper.revealNeighbors(BeeSweeper.java:140)
	at beesweeper.model.BeeSweeper.reveal(BeeSweeper.java:103)
	at beesweeper.model.BeeSweeper.revealNeighbors(BeeSweeper.java:140)
	at beesweeper.model.BeeSweeper.reveal(BeeSweeper.java:103)
	at beesweeper.model.BeeSweeper.revealNeighbors(BeeSweeper.java:140)
	at beesweeper.model.BeeSweeper.reveal(BeeSweeper.java:103)
	at beesweeper.model.BeeSweeper.revealNeighbors(BeeSweeper.java:140)
	at beesweeper.model.BeeSweeper.reveal(BeeSweeper.java:103)
	at beesweeper.model.BeeSweeper.revealNeighbors(BeeSweeper.java:140)
	at beesweeper.model.BeeSweeper.reveal(BeeSweeper.java:103)
	at beesweeper.model.BeeSweeper.revealNeighbors(BeeSweeper.java:140)
	at beesweeper.model.BeeSweeper.reveal(BeeSweeper.java:103)
	at beesweeper.model.BeeSweeper.revealNeighbors(BeeSweeper.java:140)
	at beesweeper.model.BeeSweeper.reveal(BeeSweeper.java:103)
	at beesweeper.model.BeeSweeper.revealNeighbors(BeeSweeper.java:140)
	at beesweeper.model.BeeSweeper.reveal(BeeSweeper.java:103)
	at beesweeper.model.BeeSweeper.revealNeighbors(BeeSweeper.java:140)
	at beesweeper.model.BeeSweeper.reveal(BeeSweeper.java:103)
	at beesweeper.model.BeeSweeper.revealNeighbors(BeeSweeper.java:140)
	at beesweeper.model.BeeSweeper.reveal(BeeSweeper.java:103)
	at beesweeper.model.BeeSweeper.revealNeighbors(BeeSweeper.java:140)
	at beesweeper.model.BeeSweeper.reveal(BeeSweeper.java:103)
	at beesweeper.model.BeeSweeper.revealNeighbors(BeeSweeper.java:140)
	at beesweeper.model.BeeSweeper.reveal(BeeSweeper.java:103)
	at beesweeper.model.BeeSweeper.revealNeighbors(BeeSweeper.java:140)
	at beesweeper.model.BeeSweeper.reveal(BeeSweeper.java:103)
	at beesweeper.model.BeeSweeper.revealNeighbors(BeeSweeper.java:140)
	at beesweeper.model.BeeSweeper.reveal(BeeSweeper.java:103)
	at beesweeper.model.BeeSweeper.revealNeighbors(BeeSweeper.java:140)
	at beesweeper.model.BeeSweeper.reveal(BeeSweeper.java:103)
	at beesweeper.model.BeeSweeper.revealNeighbors(BeeSweeper.java:140)
	at beesweeper.model.BeeSweeper.reveal(BeeSweeper.java:103)
	at beesweeper.model.BeeSweeper.revealNeighbors(BeeSweeper.java:140)
	at beesweeper.model.BeeSweeper.reveal(BeeSweeper.java:103)
	at beesweeper.model.BeeSweeper.revealNeighbors(BeeSweeper.java:140)
	at beesweeper.model.BeeSweeper.reveal(BeeSweeper.java:103)
	at beesweeper.model.BeeSweeper.revealNeighbors(BeeSweeper.java:140)
	at beesweeper.model.BeeSweeper.reveal(BeeSweeper.java:103)
	at beesweeper.model.BeeSweeper.revealNeighbors(BeeSweeper.java:140)
	at beesweeper.model.BeeSweeper.reveal(BeeSweeper.java:103)
	at beesweeper.model.BeeSweeper.revealNeighbors(BeeSweeper.java:140)
	at beesweeper.model.BeeSweeper.reveal(BeeSweeper.java:103)
	at beesweeper.model.BeeSweeper.revealNeighbors(BeeSweeper.java:140)
	at beesweeper.model.BeeSweeper.reveal(BeeSweeper.java:103)
	at beesweeper.model.BeeSweeper.revealNeighbors(BeeSweeper.java:140)
	at beesweeper.model.BeeSweeper.reveal(BeeSweeper.java:103)
	at beesweeper.model.BeeSweeper.revealNeighbors(BeeSweeper.java:140)
	at beesweeper.model.BeeSweeper.reveal(BeeSweeper.java:103)
	at beesweeper.model.BeeSweeper.revealNeighbors(BeeSweeper.java:140)
	at beesweeper.model.BeeSweeper.reveal(BeeSweeper.java:103)
	at beesweeper.model.BeeSweeper.revealNeighbors(BeeSweeper.java:140)
	at beesweeper.model.BeeSweeper.reveal(BeeSweeper.java:103)
	at beesweeper.model.BeeSweeper.revealNeighbors(BeeSweeper.java:140)
	at beesweeper.model.BeeSweeper.reveal(BeeSweeper.java:103)
	at beesweeper.model.BeeSweeper.revealNeighbors(BeeSweeper.java:140)
	at beesweeper.model.BeeSweeper.reveal(BeeSweeper.java:103)
	at beesweeper.model.BeeSweeper.revealNeighbors(BeeSweeper.java:140)
	at beesweeper.model.BeeSweeper.reveal(BeeSweeper.java:103)
	at beesweeper.model.BeeSweeper.revealNeighbors(BeeSweeper.java:140)
	at beesweeper.model.BeeSweeper.reveal(BeeSweeper.java:103)
	at beesweeper.model.BeeSweeper.revealNeighbors(BeeSweeper.java:140)
	at beesweeper.model.BeeSweeper.reveal(BeeSweeper.java:103)
	at beesweeper.model.BeeSweeper.revealNeighbors(BeeSweeper.java:140)
	at beesweeper.model.BeeSweeper.reveal(BeeSweeper.java:103)
	at beesweeper.model.BeeSweeper.revealNeighbors(BeeSweeper.java:140)
	at beesweeper.model.BeeSweeper.reveal(BeeSweeper.java:103)
	at beesweeper.model.BeeSweeper.revealNeighbors(BeeSweeper.java:140)
	at beesweeper.model.BeeSweeper.reveal(BeeSweeper.java:103)
	at beesweeper.model.BeeSweeper.revealNeighbors(BeeSweeper.java:140)
	at beesweeper.model.BeeSweeper.reveal(BeeSweeper.java:103)
	at beesweeper.model.BeeSweeper.revealNeighbors(BeeSweeper.java:140)
	at beesweeper.model.BeeSweeper.reveal(BeeSweeper.java:103)
	at beesweeper.model.BeeSweeper.revealNeighbors(BeeSweeper.java:140)
	at beesweeper.model.BeeSweeper.reveal(BeeSweeper.java:103)
	at beesweeper.model.BeeSweeper.revealNeighbors(BeeSweeper.java:140)
	at beesweeper.model.BeeSweeper.reveal(BeeSweeper.java:103)
	at beesweeper.model.BeeSweeper.revealNeighbors(BeeSweeper.java:140)
	at beesweeper.model.BeeSweeper.reveal(BeeSweeper.java:103)
	at beesweeper.model.BeeSweeper.revealNeighbors(BeeSweeper.java:140)
	at beesweeper.model.BeeSweeper.reveal(BeeSweeper.java:103)
	at beesweeper.model.BeeSweeper.revealNeighbors(BeeSweeper.java:140)
	at beesweeper.model.BeeSweeper.reveal(BeeSweeper.java:103)
	at beesweeper.model.BeeSweeper.revealNeighbors(BeeSweeper.java:140)
	at beesweeper.model.BeeSweeper.reveal(BeeSweeper.java:103)
	at beesweeper.model.BeeSweeper.revealNeighbors(BeeSweeper.java:140)
	at beesweeper.model.BeeSweeper.reveal(BeeSweeper.java:103)
	at beesweeper.model.BeeSweeper.revealNeighbors(BeeSweeper.java:140)
	at beesweeper.model.BeeSweeper.reveal(BeeSweeper.java:103)
	at beesweeper.model.BeeSweeper.revealNeighbors(BeeSweeper.java:140)
	at beesweeper.model.BeeSweeper.reveal(BeeSweeper.java:103)
	at beesweeper.model.BeeSweeper.revealNeighbors(BeeSweeper.java:140)
	at beesweeper.model.BeeSweeper.reveal(BeeSweeper.java:103)
	at beesweeper.model.BeeSweeper.revealNeighbors(BeeSweeper.java:140)
	at beesweeper.model.BeeSweeper.reveal(BeeSweeper.java:103)
	at beesweeper.model.BeeSweeper.revealNeighbors(BeeSweeper.java:140)
	at beesweeper.model.BeeSweeper.reveal(BeeSweeper.java:103)
	at beesweeper.model.BeeSweeper.revealNeighbors(BeeSweeper.java:140)
	at beesweeper.model.BeeSweeper.reveal(BeeSweeper.java:103)
	at beesweeper.model.BeeSweeper.revealNeighbors(BeeSweeper.java:140)
	at beesweeper.model.BeeSweeper.reveal(BeeSweeper.java:103)
	at beesweeper.model.BeeSweeper.revealNeighbors(BeeSweeper.java:140)
	at beesweeper.model.BeeSweeper.reveal(BeeSweeper.java:103)
	at beesweeper.model.BeeSweeper.revealNeighbors(BeeSweeper.java:140)
	at beesweeper.model.BeeSweeper.reveal(BeeSweeper.java:103)
	at beesweeper.model.BeeSweeper.revealNeighbors(BeeSweeper.java:140)
	at beesweeper.model.BeeSweeper.reveal(BeeSweeper.java:103)
	at beesweeper.model.BeeSweeper.revealNeighbors(BeeSweeper.java:140)
	at beesweeper.model.BeeSweeper.reveal(BeeSweeper.java:103)
	at beesweeper.model.BeeSweeper.revealNeighbors(BeeSweeper.java:140)
	at beesweeper.model.BeeSweeper.reveal(BeeSweeper.java:103)
	at beesweeper.model.BeeSweeper.revealNeighbors(BeeSweeper.java:140)
	at beesweeper.model.BeeSweeper.reveal(BeeSweeper.java:103)
	at beesweeper.model.BeeSweeper.revealNeighbors(BeeSweeper.java:140)
	at beesweeper.model.BeeSweeper.reveal(BeeSweeper.java:103)
	at beesweeper.model.BeeSweeper.revealNeighbors(BeeSweeper.java:140)
	at beesweeper.model.BeeSweeper.reveal(BeeSweeper.java:103)
	at beesweeper.model.BeeSweeper.revealNeighbors(BeeSweeper.java:140)
	at beesweeper.model.BeeSweeper.reveal(BeeSweeper.java:103)
	at beesweeper.model.BeeSweeper.revealNeighbors(BeeSweeper.java:140)
	at beesweeper.model.BeeSweeper.reveal(BeeSweeper.java:103)
	at beesweeper.model.BeeSweeper.revealNeighbors(BeeSweeper.java:140)
	at beesweeper.model.BeeSweeper.reveal(BeeSweeper.java:103)
	at beesweeper.model.BeeSweeper.revealNeighbors(BeeSweeper.java:140)
	at beesweeper.model.BeeSweeper.reveal(BeeSweeper.java:103)
	at beesweeper.model.BeeSweeper.revealNeighbors(BeeSweeper.java:140)
	at beesweeper.model.BeeSweeper.reveal(BeeSweeper.java:103)
	at beesweeper.model.BeeSweeper.revealNeighbors(BeeSweeper.java:140)
	at beesweeper.model.BeeSweeper.reveal(BeeSweeper.java:103)
	at beesweeper.model.BeeSweeper.revealNeighbors(BeeSweeper.java:140)
	at beesweeper.model.BeeSweeper.reveal(BeeSweeper.java:103)
	at beesweeper.model.BeeSweeper.revealNeighbors(BeeSweeper.java:140)
	at beesweeper.model.BeeSweeper.reveal(BeeSweeper.java:103)
	at beesweeper.model.BeeSweeper.revealNeighbors(BeeSweeper.java:140)
	at beesweeper.model.BeeSweeper.reveal(BeeSweeper.java:103)
	at beesweeper.model.BeeSweeper.revealNeighbors(BeeSweeper.java:140)
	at beesweeper.model.BeeSweeper.reveal(BeeSweeper.java:103)
	at beesweeper.model.BeeSweeper.revealNeighbors(BeeSweeper.java:140)
	at beesweeper.model.BeeSweeper.reveal(BeeSweeper.java:103)
	at beesweeper.model.BeeSweeper.revealNeighbors(BeeSweeper.java:140)
	at beesweeper.model.BeeSweeper.reveal(BeeSweeper.java:103)
	at beesweeper.model.BeeSweeper.revealNeighbors(BeeSweeper.java:140)
	at beesweeper.model.BeeSweeper.reveal(BeeSweeper.java:103)
	at beesweeper.model.BeeSweeper.revealNeighbors(BeeSweeper.java:140)
	at beesweeper.model.BeeSweeper.reveal(BeeSweeper.java:103)
	at beesweeper.model.BeeSweeper.revealNeighbors(BeeSweeper.java:140)
	at beesweeper.model.BeeSweeper.reveal(BeeSweeper.java:103)
	at beesweeper.model.BeeSweeper.revealNeighbors(BeeSweeper.java:140)
	at beesweeper.model.BeeSweeper.reveal(BeeSweeper.java:103)
	at beesweeper.model.BeeSweeper.revealNeighbors(BeeSweeper.java:140)
	at beesweeper.model.BeeSweeper.reveal(BeeSweeper.java:103)
	at beesweeper.model.BeeSweeper.revealNeighbors(BeeSweeper.java:140)
	at beesweeper.model.BeeSweeper.reveal(BeeSweeper.java:103)
	at beesweeper.model.BeeSweeper.revealNeighbors(BeeSweeper.java:140)
	at beesweeper.model.BeeSweeper.reveal(BeeSweeper.java:103)
	at beesweeper.model.BeeSweeper.revealNeighbors(BeeSweeper.java:140)
	at beesweeper.model.BeeSweeper.reveal(BeeSweeper.java:103)
	at beesweeper.model.BeeSweeper.revealNeighbors(BeeSweeper.java:140)
	at beesweeper.model.BeeSweeper.reveal(BeeSweeper.java:103)
	at beesweeper.model.BeeSweeper.revealNeighbors(BeeSweeper.java:140)
	at beesweeper.model.BeeSweeper.reveal(BeeSweeper.java:103)
	at beesweeper.model.BeeSweeper.revealNeighbors(BeeSweeper.java:140)
	at beesweeper.model.BeeSweeper.reveal(BeeSweeper.java:103)
	at beesweeper.model.BeeSweeper.revealNeighbors(BeeSweeper.java:140)
	at beesweeper.model.BeeSweeper.reveal(BeeSweeper.java:103)
	at beesweeper.model.BeeSweeper.revealNeighbors(BeeSweeper.java:140)
	at beesweeper.model.BeeSweeper.reveal(BeeSweeper.java:103)
	at beesweeper.model.BeeSweeper.revealNeighbors(BeeSweeper.java:140)
	at beesweeper.model.BeeSweeper.reveal(BeeSweeper.java:103)
	at beesweeper.model.BeeSweeper.revealNeighbors(BeeSweeper.java:140)
	at beesweeper.model.BeeSweeper.reveal(BeeSweeper.java:103)
	at beesweeper.model.BeeSweeper.revealNeighbors(BeeSweeper.java:140)
	at beesweeper.model.BeeSweeper.reveal(BeeSweeper.java:103)
	at beesweeper.model.BeeSweeper.revealNeighbors(BeeSweeper.java:140)
	at beesweeper.model.BeeSweeper.reveal(BeeSweeper.java:103)
	at beesweeper.model.BeeSweeper.revealNeighbors(BeeSweeper.java:140)
	at beesweeper.model.BeeSweeper.reveal(BeeSweeper.java:103)
	at beesweeper.model.BeeSweeper.revealNeighbors(BeeSweeper.java:140)
	at beesweeper.model.BeeSweeper.reveal(BeeSweeper.java:103)
	at beesweeper.model.BeeSweeper.revealNeighbors(BeeSweeper.java:140)
	at beesweeper.model.BeeSweeper.reveal(BeeSweeper.java:103)
	at beesweeper.model.BeeSweeper.revealNeighbors(BeeSweeper.java:140)
	at beesweeper.model.BeeSweeper.reveal(BeeSweeper.java:103)
	at beesweeper.model.BeeSweeper.revealNeighbors(BeeSweeper.java:140)
	at beesweeper.model.BeeSweeper.reveal(BeeSweeper.java:103)
	at beesweeper.model.BeeSweeper.revealNeighbors(BeeSweeper.java:140)
	at beesweeper.model.BeeSweeper.reveal(BeeSweeper.java:103)
	at beesweeper.model.BeeSweeper.revealNeighbors(BeeSweeper.java:140)
	at beesweeper.model.BeeSweeper.reveal(BeeSweeper.java:103)
	at beesweeper.model.BeeSweeper.revealNeighbors(BeeSweeper.java:140)
	at beesweeper.model.BeeSweeper.reveal(BeeSweeper.java:103)
	at beesweeper.model.BeeSweeper.revealNeighbors(BeeSweeper.java:140)
	at beesweeper.model.BeeSweeper.reveal(BeeSweeper.java:103)
	at beesweeper.model.BeeSweeper.revealNeighbors(BeeSweeper.java:140)
	at beesweeper.model.BeeSweeper.reveal(BeeSweeper.java:103)
	at beesweeper.model.BeeSweeper.revealNeighbors(BeeSweeper.java:140)
	at beesweeper.model.BeeSweeper.reveal(BeeSweeper.java:103)
	at beesweeper.model.BeeSweeper.revealNeighbors(BeeSweeper.java:140)
	at beesweeper.model.BeeSweeper.reveal(BeeSweeper.java:103)
	at beesweeper.model.BeeSweeper.revealNeighbors(BeeSweeper.java:140)
	at beesweeper.model.BeeSweeper.reveal(BeeSweeper.java:103)
	at beesweeper.model.BeeSweeper.revealNeighbors(BeeSweeper.java:140)
	at beesweeper.model.BeeSweeper.reveal(BeeSweeper.java:103)
	at beesweeper.model.BeeSweeper.revealNeighbors(BeeSweeper.java:140)
	at beesweeper.model.BeeSweeper.reveal(BeeSweeper.java:103)
	at beesweeper.model.BeeSweeper.revealNeighbors(BeeSweeper.java:140)
	at beesweeper.model.BeeSweeper.reveal(BeeSweeper.java:103)
	at beesweeper.model.BeeSweeper.revealNeighbors(BeeSweeper.java:140)
	at beesweeper.model.BeeSweeper.reveal(BeeSweeper.java:103)
	at beesweeper.model.BeeSweeper.revealNeighbors(BeeSweeper.java:140)
	at beesweeper.model.BeeSweeper.reveal(BeeSweeper.java:103)
	at beesweeper.model.BeeSweeper.revealNeighbors(BeeSweeper.java:140)
	at beesweeper.model.BeeSweeper.reveal(BeeSweeper.java:103)
	at beesweeper.model.BeeSweeper.revealNeighbors(BeeSweeper.java:140)
	at beesweeper.model.BeeSweeper.reveal(BeeSweeper.java:103)
	at beesweeper.model.BeeSweeper.revealNeighbors(BeeSweeper.java:140)
	at beesweeper.model.BeeSweeper.reveal(BeeSweeper.java:103)
	at beesweeper.model.BeeSweeper.revealNeighbors(BeeSweeper.java:140)
	at beesweeper.model.BeeSweeper.reveal(BeeSweeper.java:103)
	at beesweeper.model.BeeSweeper.revealNeighbors(BeeSweeper.java:140)
	at beesweeper.model.BeeSweeper.reveal(BeeSweeper.java:103)
	at beesweeper.model.BeeSweeper.revealNeighbors(BeeSweeper.java:140)
	at beesweeper.model.BeeSweeper.reveal(BeeSweeper.java:103)
	at beesweeper.model.BeeSweeper.revealNeighbors(BeeSweeper.java:140)
	at beesweeper.model.BeeSweeper.reveal(BeeSweeper.java:103)
	at beesweeper.model.BeeSweeper.revealNeighbors(BeeSweeper.java:140)
	at beesweeper.model.BeeSweeper.reveal(BeeSweeper.java:103)
	at beesweeper.model.BeeSweeper.revealNeighbors(BeeSweeper.java:140)
	at beesweeper.model.BeeSweeper.reveal(BeeSweeper.java:103)
	at beesweeper.model.BeeSweeper.revealNeighbors(BeeSweeper.java:140)
	at beesweeper.model.BeeSweeper.reveal(BeeSweeper.java:103)
	at beesweeper.model.BeeSweeper.revealNeighbors(BeeSweeper.java:140)
	at beesweeper.model.BeeSweeper.reveal(BeeSweeper.java:103)
	at beesweeper.model.BeeSweeper.revealNeighbors(BeeSweeper.java:140)
	at beesweeper.model.BeeSweeper.reveal(BeeSweeper.java:103)
	at beesweeper.model.BeeSweeper.revealNeighbors(BeeSweeper.java:140)
	at beesweeper.model.BeeSweeper.reveal(BeeSweeper.java:103)
	at beesweeper.model.BeeSweeper.revealNeighbors(BeeSweeper.java:140)
	at beesweeper.model.BeeSweeper.reveal(BeeSweeper.java:103)
	at beesweeper.model.BeeSweeper.revealNeighbors(BeeSweeper.java:140)
	at beesweeper.model.BeeSweeper.reveal(BeeSweeper.java:103)
	at beesweeper.model.BeeSweeper.revealNeighbors(BeeSweeper.java:140)
	at beesweeper.model.BeeSweeper.reveal(BeeSweeper.java:103)
	at beesweeper.model.BeeSweeper.revealNeighbors(BeeSweeper.java:140)
	at beesweeper.model.BeeSweeper.reveal(BeeSweeper.java:103)
	at beesweeper.model.BeeSweeper.revealNeighbors(BeeSweeper.java:140)
	at beesweeper.model.BeeSweeper.reveal(BeeSweeper.java:103)
	at beesweeper.model.BeeSweeper.revealNeighbors(BeeSweeper.java:140)
	at beesweeper.model.BeeSweeper.reveal(BeeSweeper.java:103)
	at beesweeper.model.BeeSweeper.revealNeighbors(BeeSweeper.java:140)
	at beesweeper.model.BeeSweeper.reveal(BeeSweeper.java:103)
	at beesweeper.model.BeeSweeper.revealNeighbors(BeeSweeper.java:140)
	at beesweeper.model.BeeSweeper.reveal(BeeSweeper.java:103)
	at beesweeper.model.BeeSweeper.revealNeighbors(BeeSweeper.java:140)
	at beesweeper.model.BeeSweeper.reveal(BeeSweeper.java:103)
	at beesweeper.model.BeeSweeper.revealNeighbors(BeeSweeper.java:140)
	at beesweeper.model.BeeSweeper.reveal(BeeSweeper.java:103)
	at beesweeper.model.BeeSweeper.revealNeighbors(BeeSweeper.java:140)
	at beesweeper.model.BeeSweeper.reveal(BeeSweeper.java:103)
	at beesweeper.model.BeeSweeper.revealNeighbors(BeeSweeper.java:140)
	at beesweeper.model.BeeSweeper.reveal(BeeSweeper.java:103)
	at beesweeper.model.BeeSweeper.revealNeighbors(BeeSweeper.java:140)
	at beesweeper.model.BeeSweeper.reveal(BeeSweeper.java:103)
	at beesweeper.model.BeeSweeper.revealNeighbors(BeeSweeper.java:140)
	at beesweeper.model.BeeSweeper.reveal(BeeSweeper.java:103)
	at beesweeper.model.BeeSweeper.revealNeighbors(BeeSweeper.java:140)
	at beesweeper.model.BeeSweeper.reveal(BeeSweeper.java:103)
	at beesweeper.model.BeeSweeper.revealNeighbors(BeeSweeper.java:140)
	at beesweeper.model.BeeSweeper.reveal(BeeSweeper.java:103)
	at beesweeper.model.BeeSweeper.revealNeighbors(BeeSweeper.java:140)
	at beesweeper.model.BeeSweeper.reveal(BeeSweeper.java:103)
	at beesweeper.model.BeeSweeper.revealNeighbors(BeeSweeper.java:140)
	at beesweeper.model.BeeSweeper.reveal(BeeSweeper.java:103)
	at beesweeper.model.BeeSweeper.revealNeighbors(BeeSweeper.java:140)
	at beesweeper.model.BeeSweeper.reveal(BeeSweeper.java:103)
	at beesweeper.model.BeeSweeper.revealNeighbors(BeeSweeper.java:140)
	at beesweeper.model.BeeSweeper.reveal(BeeSweeper.java:103)
	at beesweeper.model.BeeSweeper.revealNeighbors(BeeSweeper.java:140)
	at beesweeper.model.BeeSweeper.reveal(BeeSweeper.java:103)
	at beesweeper.model.BeeSweeper.revealNeighbors(BeeSweeper.java:140)
	at beesweeper.model.BeeSweeper.reveal(BeeSweeper.java:103)
	at beesweeper.model.BeeSweeper.revealNeighbors(BeeSweeper.java:140)
	at beesweeper.model.BeeSweeper.reveal(BeeSweeper.java:103)
	at beesweeper.model.BeeSweeper.revealNeighbors(BeeSweeper.java:140)
	at beesweeper.model.BeeSweeper.reveal(BeeSweeper.java:103)
	at beesweeper.model.BeeSweeper.revealNeighbors(BeeSweeper.java:140)
	at beesweeper.model.BeeSweeper.reveal(BeeSweeper.java:103)
	at beesweeper.model.BeeSweeper.revealNeighbors(BeeSweeper.java:140)
	at beesweeper.model.BeeSweeper.reveal(BeeSweeper.java:103)
	at beesweeper.model.BeeSweeper.revealNeighbors(BeeSweeper.java:140)
	at beesweeper.model.BeeSweeper.reveal(BeeSweeper.java:103)
	at beesweeper.model.BeeSweeper.revealNeighbors(BeeSweeper.java:140)
	at beesweeper.model.BeeSweeper.reveal(BeeSweeper.java:103)
	at beesweeper.model.BeeSweeper.revealNeighbors(BeeSweeper.java:140)
	at beesweeper.model.BeeSweeper.reveal(BeeSweeper.java:103)
	at beesweeper.model.BeeSweeper.revealNeighbors(BeeSweeper.java:140)
	at beesweeper.model.BeeSweeper.reveal(BeeSweeper.java:103)
	at beesweeper.model.BeeSweeper.revealNeighbors(BeeSweeper.java:140)
	at beesweeper.model.BeeSweeper.reveal(BeeSweeper.java:103)
	at beesweeper.model.BeeSweeper.revealNeighbors(BeeSweeper.java:140)
	at beesweeper.model.BeeSweeper.reveal(BeeSweeper.java:103)
	at beesweeper.model.BeeSweeper.revealNeighbors(BeeSweeper.java:140)
	at beesweeper.model.BeeSweeper.reveal(BeeSweeper.java:103)
	at beesweeper.model.BeeSweeper.revealNeighbors(BeeSweeper.java:140)
	at beesweeper.model.BeeSweeper.reveal(BeeSweeper.java:103)
	at beesweeper.model.BeeSweeper.revealNeighbors(BeeSweeper.java:140)
	at beesweeper.model.BeeSweeper.reveal(BeeSweeper.java:103)
	at beesweeper.model.BeeSweeper.revealNeighbors(BeeSweeper.java:140)
	at beesweeper.model.BeeSweeper.reveal(BeeSweeper.java:103)
	at beesweeper.model.BeeSweeper.revealNeighbors(BeeSweeper.java:140)
	at beesweeper.model.BeeSweeper.reveal(BeeSweeper.java:103)
	at beesweeper.model.BeeSweeper.revealNeighbors(BeeSweeper.java:140)
	at beesweeper.model.BeeSweeper.reveal(BeeSweeper.java:103)
	at beesweeper.model.BeeSweeper.revealNeighbors(BeeSweeper.java:140)
	at beesweeper.model.BeeSweeper.reveal(BeeSweeper.java:103)
	at beesweeper.model.BeeSweeper.revealNeighbors(BeeSweeper.java:140)
	at beesweeper.model.BeeSweeper.reveal(BeeSweeper.java:103)
	at beesweeper.model.BeeSweeper.revealNeighbors(BeeSweeper.java:140)
	at beesweeper.model.BeeSweeper.reveal(BeeSweeper.java:103)
	at beesweeper.model.BeeSweeper.revealNeighbors(BeeSweeper.java:140)
	at beesweeper.model.BeeSweeper.reveal(BeeSweeper.java:103)
	at beesweeper.model.BeeSweeper.revealNeighbors(BeeSweeper.java:140)
	at beesweeper.model.BeeSweeper.reveal(BeeSweeper.java:103)
	at beesweeper.model.BeeSweeper.revealNeighbors(BeeSweeper.java:140)
	at beesweeper.model.BeeSweeper.reveal(BeeSweeper.java:103)
	at beesweeper.model.BeeSweeper.revealNeighbors(BeeSweeper.java:140)
	at beesweeper.model.BeeSweeper.reveal(BeeSweeper.java:103)
	at beesweeper.model.BeeSweeper.revealNeighbors(BeeSweeper.java:140)
	at beesweeper.model.BeeSweeper.reveal(BeeSweeper.java:103)
	at beesweeper.model.BeeSweeper.revealNeighbors(BeeSweeper.java:140)
	at beesweeper.model.BeeSweeper.reveal(BeeSweeper.java:103)
	at beesweeper.model.BeeSweeper.revealNeighbors(BeeSweeper.java:140)
	at beesweeper.model.BeeSweeper.reveal(BeeSweeper.java:103)
	at beesweeper.model.BeeSweeper.revealNeighbors(BeeSweeper.java:140)
	at beesweeper.model.BeeSweeper.reveal(BeeSweeper.java:103)
	at beesweeper.model.BeeSweeper.revealNeighbors(BeeSweeper.java:140)
	at beesweeper.model.BeeSweeper.reveal(BeeSweeper.java:103)
	at beesweeper.model.BeeSweeper.revealNeighbors(BeeSweeper.java:140)
	at beesweeper.model.BeeSweeper.reveal(BeeSweeper.java:103)
	at beesweeper.model.BeeSweeper.revealNeighbors(BeeSweeper.java:140)
	at beesweeper.model.BeeSweeper.reveal(BeeSweeper.java:103)
	at beesweeper.model.BeeSweeper.revealNeighbors(BeeSweeper.java:140)
	at beesweeper.model.BeeSweeper.reveal(BeeSweeper.java:103)
	at beesweeper.model.BeeSweeper.revealNeighbors(BeeSweeper.java:140)
	at beesweeper.model.BeeSweeper.reveal(BeeSweeper.java:103)
	at beesweeper.model.BeeSweeper.revealNeighbors(BeeSweeper.java:140)
	at beesweeper.model.BeeSweeper.reveal(BeeSweeper.java:103)
	at beesweeper.model.BeeSweeper.revealNeighbors(BeeSweeper.java:140)
	at beesweeper.model.BeeSweeper.reveal(BeeSweeper.java:103)
	at beesweeper.model.BeeSweeper.revealNeighbors(BeeSweeper.java:140)
	at beesweeper.model.BeeSweeper.reveal(BeeSweeper.java:103)
	at beesweeper.model.BeeSweeper.revealNeighbors(BeeSweeper.java:140)
	at beesweeper.model.BeeSweeper.reveal(BeeSweeper.java:103)
	at beesweeper.model.BeeSweeper.revealNeighbors(BeeSweeper.java:140)
	at beesweeper.model.BeeSweeper.reveal(BeeSweeper.java:103)
	at beesweeper.model.BeeSweeper.revealNeighbors(BeeSweeper.java:140)
	at beesweeper.model.BeeSweeper.reveal(BeeSweeper.java:103)
	at beesweeper.model.BeeSweeper.revealNeighbors(BeeSweeper.java:140)
	at beesweeper.model.BeeSweeper.reveal(BeeSweeper.java:103)
	at beesweeper.model.BeeSweeper.revealNeighbors(BeeSweeper.java:140)
	at beesweeper.model.BeeSweeper.reveal(BeeSweeper.java:103)
	at beesweeper.model.BeeSweeper.revealNeighbors(BeeSweeper.java:140)
	at beesweeper.model.BeeSweeper.reveal(BeeSweeper.java:103)
	at beesweeper.model.BeeSweeper.revealNeighbors(BeeSweeper.java:140)
	at beesweeper.model.BeeSweeper.reveal(BeeSweeper.java:103)
	at beesweeper.model.BeeSweeper.revealNeighbors(BeeSweeper.java:140)
	at beesweeper.model.BeeSweeper.reveal(BeeSweeper.java:103)
	at beesweeper.model.BeeSweeper.revealNeighbors(BeeSweeper.java:140)
	at beesweeper.model.BeeSweeper.reveal(BeeSweeper.java:103)
	at beesweeper.model.BeeSweeper.revealNeighbors(BeeSweeper.java:140)
	at beesweeper.model.BeeSweeper.reveal(BeeSweeper.java:103)
	at beesweeper.model.BeeSweeper.revealNeighbors(BeeSweeper.java:140)
	at beesweeper.model.BeeSweeper.reveal(BeeSweeper.java:103)
	at beesweeper.model.BeeSweeper.revealNeighbors(BeeSweeper.java:140)
	at beesweeper.model.BeeSweeper.reveal(BeeSweeper.java:103)
	at beesweeper.model.BeeSweeper.revealNeighbors(BeeSweeper.java:140)
	at beesweeper.model.BeeSweeper.reveal(BeeSweeper.java:103)
	at beesweeper.model.BeeSweeper.revealNeighbors(BeeSweeper.java:140)
	at beesweeper.model.BeeSweeper.reveal(BeeSweeper.java:103)
	at beesweeper.model.BeeSweeper.revealNeighbors(BeeSweeper.java:140)
	at beesweeper.model.BeeSweeper.reveal(BeeSweeper.java:103)
	at beesweeper.model.BeeSweeper.revealNeighbors(BeeSweeper.java:140)
	at beesweeper.model.BeeSweeper.reveal(BeeSweeper.java:103)
	at beesweeper.model.BeeSweeper.revealNeighbors(BeeSweeper.java:140)
	at beesweeper.model.BeeSweeper.reveal(BeeSweeper.java:103)
	at beesweeper.model.BeeSweeper.revealNeighbors(BeeSweeper.java:140)
	at beesweeper.model.BeeSweeper.reveal(BeeSweeper.java:103)
	at beesweeper.model.BeeSweeper.revealNeighbors(BeeSweeper.java:140)
	at beesweeper.model.BeeSweeper.reveal(BeeSweeper.java:103)
	at beesweeper.model.BeeSweeper.revealNeighbors(BeeSweeper.java:140)
	at beesweeper.model.BeeSweeper.reveal(BeeSweeper.java:103)
	at beesweeper.model.BeeSweeper.revealNeighbors(BeeSweeper.java:140)
	at beesweeper.model.BeeSweeper.reveal(BeeSweeper.java:103)
	at beesweeper.model.BeeSweeper.revealNeighbors(BeeSweeper.java:140)
	at beesweeper.model.BeeSweeper.reveal(BeeSweeper.java:103)
	at beesweeper.model.BeeSweeper.revealNeighbors(BeeSweeper.java:140)
	at beesweeper.model.BeeSweeper.reveal(BeeSweeper.java:103)
	at beesweeper.model.BeeSweeper.revealNeighbors(BeeSweeper.java:140)
	at beesweeper.model.BeeSweeper.reveal(BeeSweeper.java:103)
	at beesweeper.model.BeeSweeper.revealNeighbors(BeeSweeper.java:140)
	at beesweeper.model.BeeSweeper.reveal(BeeSweeper.java:103)
	at beesweeper.model.BeeSweeper.revealNeighbors(BeeSweeper.java:140)
	at beesweeper.model.BeeSweeper.reveal(BeeSweeper.java:103)
	at beesweeper.model.BeeSweeper.revealNeighbors(BeeSweeper.java:140)
	at beesweeper.model.BeeSweeper.reveal(BeeSweeper.java:103)
	at beesweeper.model.BeeSweeper.revealNeighbors(BeeSweeper.java:140)
	at beesweeper.model.BeeSweeper.reveal(BeeSweeper.java:103)
	at beesweeper.model.BeeSweeper.revealNeighbors(BeeSweeper.java:140)
	at beesweeper.model.BeeSweeper.reveal(BeeSweeper.java:103)
	at beesweeper.model.BeeSweeper.revealNeighbors(BeeSweeper.java:140)
	at beesweeper.model.BeeSweeper.reveal(BeeSweeper.java:103)
	at beesweeper.model.BeeSweeper.revealNeighbors(BeeSweeper.java:140)
	at beesweeper.model.BeeSweeper.reveal(BeeSweeper.java:103)
	at beesweeper.model.BeeSweeper.revealNeighbors(BeeSweeper.java:140)
	at beesweeper.model.BeeSweeper.reveal(BeeSweeper.java:103)
	at beesweeper.model.BeeSweeper.revealNeighbors(BeeSweeper.java:140)
	at beesweeper.model.BeeSweeper.reveal(BeeSweeper.java:103)
	at beesweeper.model.BeeSweeper.revealNeighbors(BeeSweeper.java:140)
	at beesweeper.model.BeeSweeper.reveal(BeeSweeper.java:103)
	at beesweeper.model.BeeSweeper.revealNeighbors(BeeSweeper.java:140)
	at beesweeper.model.BeeSweeper.reveal(BeeSweeper.java:103)
	at beesweeper.model.BeeSweeper.revealNeighbors(BeeSweeper.java:140)
	at beesweeper.model.BeeSweeper.reveal(BeeSweeper.java:103)
	at beesweeper.model.BeeSweeper.revealNeighbors(BeeSweeper.java:140)
	at beesweeper.model.BeeSweeper.reveal(BeeSweeper.java:103)
	at beesweeper.model.BeeSweeper.revealNeighbors(BeeSweeper.java:140)
	at beesweeper.model.BeeSweeper.reveal(BeeSweeper.java:103)
	at beesweeper.model.BeeSweeper.revealNeighbors(BeeSweeper.java:140)
	at beesweeper.model.BeeSweeper.reveal(BeeSweeper.java:103)
	at beesweeper.model.BeeSweeper.revealNeighbors(BeeSweeper.java:140)
	at beesweeper.model.BeeSweeper.reveal(BeeSweeper.java:103)
	at beesweeper.model.BeeSweeper.revealNeighbors(BeeSweeper.java:140)
	at beesweeper.model.BeeSweeper.reveal(BeeSweeper.java:103)
	at beesweeper.model.BeeSweeper.revealNeighbors(BeeSweeper.java:140)
	at beesweeper.model.BeeSweeper.reveal(BeeSweeper.java:103)
	at beesweeper.model.BeeSweeper.revealNeighbors(BeeSweeper.java:140)
	at beesweeper.model.BeeSweeper.reveal(BeeSweeper.java:103)
	at beesweeper.model.BeeSweeper.revealNeighbors(BeeSweeper.java:140)
	at beesweeper.model.BeeSweeper.reveal(BeeSweeper.java:103)
	at beesweeper.model.BeeSweeper.revealNeighbors(BeeSweeper.java:140)
	at beesweeper.model.BeeSweeper.reveal(BeeSweeper.java:103)
	at beesweeper.model.BeeSweeper.revealNeighbors(BeeSweeper.java:140)
	at beesweeper.model.BeeSweeper.reveal(BeeSweeper.java:103)
	at beesweeper.model.BeeSweeper.revealNeighbors(BeeSweeper.java:140)
	at beesweeper.model.BeeSweeper.reveal(BeeSweeper.java:103)
	at beesweeper.model.BeeSweeper.revealNeighbors(BeeSweeper.java:140)
	at beesweeper.model.BeeSweeper.reveal(BeeSweeper.java:103)
	at beesweeper.model.BeeSweeper.revealNeighbors(BeeSweeper.java:140)
	at beesweeper.model.BeeSweeper.reveal(BeeSweeper.java:103)
	at beesweeper.model.BeeSweeper.revealNeighbors(BeeSweeper.java:140)
	at beesweeper.model.BeeSweeper.reveal(BeeSweeper.java:103)
	at beesweeper.model.BeeSweeper.revealNeighbors(BeeSweeper.java:140)
	at beesweeper.model.BeeSweeper.reveal(BeeSweeper.java:103)
	at beesweeper.model.BeeSweeper.revealNeighbors(BeeSweeper.java:140)
	at beesweeper.model.BeeSweeper.reveal(BeeSweeper.java:103)
	at beesweeper.model.BeeSweeper.revealNeighbors(BeeSweeper.java:140)
	at beesweeper.model.BeeSweeper.reveal(BeeSweeper.java:103)
	at beesweeper.model.BeeSweeper.revealNeighbors(BeeSweeper.java:140)
	at beesweeper.model.BeeSweeper.reveal(BeeSweeper.java:103)
	at beesweeper.model.BeeSweeper.revealNeighbors(BeeSweeper.java:140)
	at beesweeper.model.BeeSweeper.reveal(BeeSweeper.java:103)
	at beesweeper.model.BeeSweeper.revealNeighbors(BeeSweeper.java:140)
	at beesweeper.model.BeeSweeper.reveal(BeeSweeper.java:103)
	at beesweeper.model.BeeSweeper.revealNeighbors(BeeSweeper.java:140)
	at beesweeper.model.BeeSweeper.reveal(BeeSweeper.java:103)
	at beesweeper.model.BeeSweeper.revealNeighbors(BeeSweeper.java:140)
	at beesweeper.model.BeeSweeper.reveal(BeeSweeper.java:103)
	at beesweeper.model.BeeSweeper.revealNeighbors(BeeSweeper.java:140)
	at beesweeper.model.BeeSweeper.reveal(BeeSweeper.java:103)
	at beesweeper.model.BeeSweeper.revealNeighbors(BeeSweeper.java:140)
	at beesweeper.model.BeeSweeper.reveal(BeeSweeper.java:103)
	at beesweeper.model.BeeSweeper.revealNeighbors(BeeSweeper.java:140)
	at beesweeper.model.BeeSweeper.reveal(BeeSweeper.java:103)
	at beesweeper.model.BeeSweeper.revealNeighbors(BeeSweeper.java:140)
	at beesweeper.model.BeeSweeper.reveal(BeeSweeper.java:103)
	at beesweeper.model.BeeSweeper.revealNeighbors(BeeSweeper.java:140)
	at beesweeper.model.BeeSweeper.reveal(BeeSweeper.java:103)
	at beesweeper.model.BeeSweeper.revealNeighbors(BeeSweeper.java:140)
	at beesweeper.model.BeeSweeper.reveal(BeeSweeper.java:103)
	at beesweeper.model.BeeSweeper.revealNeighbors(BeeSweeper.java:140)
	at beesweeper.model.BeeSweeper.reveal(BeeSweeper.java:103)
	at beesweeper.model.BeeSweeper.revealNeighbors(BeeSweeper.java:140)
	at beesweeper.model.BeeSweeper.reveal(BeeSweeper.java:103)
	at beesweeper.model.BeeSweeper.revealNeighbors(BeeSweeper.java:140)
	at beesweeper.model.BeeSweeper.reveal(BeeSweeper.java:103)
	at beesweeper.model.BeeSweeper.revealNeighbors(BeeSweeper.java:140)
	at beesweeper.model.BeeSweeper.reveal(BeeSweeper.java:103)
	at beesweeper.model.BeeSweeper.revealNeighbors(BeeSweeper.java:140)
	at beesweeper.model.BeeSweeper.reveal(BeeSweeper.java:103)
	at beesweeper.model.BeeSweeper.revealNeighbors(BeeSweeper.java:140)
	at beesweeper.model.BeeSweeper.reveal(BeeSweeper.java:103)
	at beesweeper.model.BeeSweeper.revealNeighbors(BeeSweeper.java:140)
	at beesweeper.model.BeeSweeper.reveal(BeeSweeper.java:103)
	at beesweeper.model.BeeSweeper.revealNeighbors(BeeSweeper.java:140)
	at beesweeper.model.BeeSweeper.reveal(BeeSweeper.java:103)
	at beesweeper.model.BeeSweeper.revealNeighbors(BeeSweeper.java:140)
	at beesweeper.model.BeeSweeper.reveal(BeeSweeper.java:103)
	at beesweeper.model.BeeSweeper.revealNeighbors(BeeSweeper.java:140)
	at beesweeper.model.BeeSweeper.reveal(BeeSweeper.java:103)
	at beesweeper.model.BeeSweeper.revealNeighbors(BeeSweeper.java:140)
	at beesweeper.model.BeeSweeper.reveal(BeeSweeper.java:103)
	at beesweeper.model.BeeSweeper.revealNeighbors(BeeSweeper.java:140)
	at beesweeper.model.BeeSweeper.reveal(BeeSweeper.java:103)
	at beesweeper.model.BeeSweeper.revealNeighbors(BeeSweeper.java:140)
	at beesweeper.model.BeeSweeper.reveal(BeeSweeper.java:103)
	at beesweeper.model.BeeSweeper.revealNeighbors(BeeSweeper.java:140)
	at beesweeper.model.BeeSweeper.reveal(BeeSweeper.java:103)
	at beesweeper.model.BeeSweeper.revealNeighbors(BeeSweeper.java:140)
	at beesweeper.model.BeeSweeper.reveal(BeeSweeper.java:103)
	at beesweeper.model.BeeSweeper.revealNeighbors(BeeSweeper.java:140)
	at beesweeper.model.BeeSweeper.reveal(BeeSweeper.java:103)
	at beesweeper.model.BeeSweeper.revealNeighbors(BeeSweeper.java:140)
	at beesweeper.model.BeeSweeper.reveal(BeeSweeper.java:103)
	at beesweeper.model.BeeSweeper.revealNeighbors(BeeSweeper.java:140)
	at beesweeper.model.BeeSweeper.reveal(BeeSweeper.java:103)
	at beesweeper.model.BeeSweeper.revealNeighbors(BeeSweeper.java:140)
	at beesweeper.model.BeeSweeper.reveal(BeeSweeper.java:103)
	at beesweeper.model.BeeSweeper.revealNeighbors(BeeSweeper.java:140)
	at beesweeper.model.BeeSweeper.reveal(BeeSweeper.java:103)
	at beesweeper.model.BeeSweeper.revealNeighbors(BeeSweeper.java:140)
	at beesweeper.model.BeeSweeper.reveal(BeeSweeper.java:103)
	at beesweeper.model.BeeSweeper.revealNeighbors(BeeSweeper.java:140)
	at beesweeper.model.BeeSweeper.reveal(BeeSweeper.java:103)
	at beesweeper.model.BeeSweeper.revealNeighbors(BeeSweeper.java:140)
	at beesweeper.model.BeeSweeper.reveal(BeeSweeper.java:103)
	at beesweeper.model.BeeSweeper.revealNeighbors(BeeSweeper.java:140)
	at beesweeper.model.BeeSweeper.reveal(BeeSweeper.java:103)
	at beesweeper.model.BeeSweeper.revealNeighbors(BeeSweeper.java:140)
	at beesweeper.model.BeeSweeper.reveal(BeeSweeper.java:103)
	at beesweeper.model.BeeSweeper.revealNeighbors(BeeSweeper.java:140)
	at beesweeper.model.BeeSweeper.reveal(BeeSweeper.java:103)
	at beesweeper.model.BeeSweeper.revealNeighbors(BeeSweeper.java:140)
	at beesweeper.model.BeeSweeper.reveal(BeeSweeper.java:103)
	at beesweeper.model.BeeSweeper.revealNeighbors(BeeSweeper.java:140)
	at beesweeper.model.BeeSweeper.reveal(BeeSweeper.java:103)
	at beesweeper.model.BeeSweeper.revealNeighbors(BeeSweeper.java:140)
	at beesweeper.model.BeeSweeper.reveal(BeeSweeper.java:103)
	at beesweeper.model.BeeSweeper.revealNeighbors(BeeSweeper.java:140)
	at beesweeper.model.BeeSweeper.reveal(BeeSweeper.java:103)
	at beesweeper.model.BeeSweeper.revealNeighbors(BeeSweeper.java:140)
	at beesweeper.model.BeeSweeper.reveal(BeeSweeper.java:103)
	at beesweeper.model.BeeSweeper.revealNeighbors(BeeSweeper.java:140)
	at beesweeper.model.BeeSweeper.reveal(BeeSweeper.java:103)
	at beesweeper.model.BeeSweeper.revealNeighbors(BeeSweeper.java:140)
	at beesweeper.model.BeeSweeper.reveal(BeeSweeper.java:103)
	at beesweeper.model.BeeSweeper.revealNeighbors(BeeSweeper.java:140)
	at beesweeper.model.BeeSweeper.reveal(BeeSweeper.java:103)
	at beesweeper.model.BeeSweeper.revealNeighbors(BeeSweeper.java:140)
	at beesweeper.model.BeeSweeper.reveal(BeeSweeper.java:103)
	at beesweeper.model.BeeSweeper.revealNeighbors(BeeSweeper.java:140)
	at beesweeper.model.BeeSweeper.reveal(BeeSweeper.java:103)
	at beesweeper.model.BeeSweeper.revealNeighbors(BeeSweeper.java:140)
	at beesweeper.model.BeeSweeper.reveal(BeeSweeper.java:103)
	at beesweeper.model.BeeSweeper.revealNeighbors(BeeSweeper.java:140)
	at beesweeper.model.BeeSweeper.reveal(BeeSweeper.java:103)
	at beesweeper.model.BeeSweeper.revealNeighbors(BeeSweeper.java:140)
	at beesweeper.model.BeeSweeper.reveal(BeeSweeper.java:103)
	at beesweeper.model.BeeSweeper.revealNeighbors(BeeSweeper.java:140)
	at beesweeper.model.BeeSweeper.reveal(BeeSweeper.java:103)
	at beesweeper.model.BeeSweeper.revealNeighbors(BeeSweeper.java:140)
	at beesweeper.model.BeeSweeper.reveal(BeeSweeper.java:103)
</failure>
  </testcase>
  <testcase name="testWinGameWithRevealing_singleBee()" classname="beesweeper.model.BeeSweeperRectangularShapeBasicTest" time="0.0"/>
  <system-out><![CDATA[]]></system-out>
  <system-err><![CDATA[]]></system-err>
</testsuite>
